Looking for git in: git
Using git 2.7.4 from git
> git rev-parse --show-toplevel
> git rev-parse --git-dir
Open repository: /home/m88614/IdeaProjects/Minerva/minerva
> git status -z -u
> git symbolic-ref --short HEAD
> git rev-parse sekundaer-connect
> git rev-parse --symbolic-full-name sekundaer-connect@{u}
> git rev-list --left-right sekundaer-connect...refs/remotes/origin/sekundaer-connect
> git for-each-ref --format %(refname) %(objectname) --sort -committerdate
> git remote --verbose
> git config --get commit.template
> git fetch
> git check-ignore -v -z --stdin
> git rev-parse --show-toplevel
> git rev-parse --show-toplevel
> git status -z -u
> git symbolic-ref --short HEAD
> git rev-parse sekundaer-connect
> git rev-parse --symbolic-full-name sekundaer-connect@{u}
> git rev-list --left-right sekundaer-connect...refs/remotes/origin/sekundaer-connect
> git for-each-ref --format %(refname) %(objectname) --sort -committerdate
> git remote --verbose
> git config --get commit.template
> git rev-parse --show-toplevel
> git rev-parse --show-toplevel
> git check-ignore -v -z --stdin
> git show :stacks/services/sekundaer/diagram.mermaid
> git check-ignore -v -z --stdin
> git status -z -u
> git symbolic-ref --short HEAD
> git rev-parse sekundaer-connect
> git rev-parse --symbolic-full-name sekundaer-connect@{u}
> git show :stacks/services/sekundaer/diagram.md
> git rev-list --left-right sekundaer-connect...refs/remotes/origin/sekundaer-connect
> git for-each-ref --format %(refname) %(objectname) --sort -committerdate
> git remote --verbose
> git config --get commit.template
> git rev-parse --show-toplevel
> git rev-parse --show-toplevel
> git show :stacks/services/sekundaer/diagram.mermaid
> git status -z -u
> git symbolic-ref --short HEAD
> git rev-parse sekundaer-connect
> git rev-parse --symbolic-full-name sekundaer-connect@{u}
> git rev-list --left-right sekundaer-connect...refs/remotes/origin/sekundaer-connect
> git for-each-ref --format %(refname) %(objectname) --sort -committerdate
> git remote --verbose
> git config --get commit.template
> git rev-parse --show-toplevel
> git rev-parse --show-toplevel
> git show :stacks/services/sekundaer/diagram.mermaid
> git status -z -u
> git symbolic-ref --short HEAD
> git rev-parse sekundaer-connect
> git rev-parse --symbolic-full-name sekundaer-connect@{u}
> git rev-list --left-right sekundaer-connect...refs/remotes/origin/sekundaer-connect
> git for-each-ref --format %(refname) %(objectname) --sort -committerdate
> git remote --verbose
> git config --get commit.template
> git rev-parse --show-toplevel
> git rev-parse --show-toplevel
> git fetch
> git status -z -u
> git show :stacks/services/sekundaer/diagram.mermaid
> git symbolic-ref --short HEAD
> git rev-parse develop
> git rev-parse --symbolic-full-name develop@{u}
> git rev-list --left-right develop...refs/remotes/origin/develop
> git for-each-ref --format %(refname) %(objectname) --sort -committerdate
> git remote --verbose
> git config --get commit.template
> git rev-parse --show-toplevel
> git rev-parse --show-toplevel
> git status -z -u
> git symbolic-ref --short HEAD
> git rev-parse develop
> git rev-parse --symbolic-full-name develop@{u}
> git rev-list --left-right develop...refs/remotes/origin/develop
> git for-each-ref --format %(refname) %(objectname) --sort -committerdate
> git remote --verbose
> git config --get commit.template
> git rev-parse --show-toplevel
> git rev-parse --show-toplevel
> git status -z -u
> git show :stacks/services/sekundaer/diagram.mermaid
> git symbolic-ref --short HEAD
> git rev-parse develop
> git rev-parse --symbolic-full-name develop@{u}
> git rev-list --left-right develop...refs/remotes/origin/develop
> git for-each-ref --format %(refname) %(objectname) --sort -committerdate
> git remote --verbose
> git config --get commit.template
> git rev-parse --show-toplevel
> git rev-parse --show-toplevel
> git show :stacks/services/sekundaer/diagram.mermaid
