Looking for git in: git
Using git 2.7.4 from git
> git rev-parse --show-toplevel
fatal: Not a git repository (or any of the parent directories): .git
> git rev-parse --show-toplevel
> git rev-parse --git-dir
Open repository: /home/m88614/IdeaProjects/Minerva/minerva
> git fetch
> git status -z -u
> git symbolic-ref --short HEAD
> git rev-parse feature-dataprep-plattform-stack
> git rev-parse --symbolic-full-name feature-dataprep-plattform-stack@{u}
> git rev-list --left-right feature-dataprep-plattform-stack...refs/remotes/origin/feature-dataprep-plattform-stack
> git show :stacks/services/sekundaer/containers/main.tf
> git for-each-ref --format %(refname) %(objectname) --sort -committerdate
> git remote --verbose
> git config --get commit.template
> git rev-parse --show-toplevel
> git check-ignore -v -z --stdin
fatal: Not a git repository (or any of the parent directories): .git
> git rev-parse --show-toplevel
> git rev-parse --git-dir
Open repository: /home/m88614/IdeaProjects/Minerva/minerva-config
> git fetch
> git status -z -u
> git symbolic-ref --short HEAD
> git rev-parse feature-dataprep-plattform-stack
> git rev-parse --symbolic-full-name feature-dataprep-plattform-stack@{u}
> git rev-list --left-right feature-dataprep-plattform-stack...refs/remotes/origin/feature-dataprep-plattform-stack
> git for-each-ref --format %(refname) %(objectname) --sort -committerdate
> git remote --verbose
> git config --get commit.template
> git rev-parse --show-toplevel
> git rev-parse --show-toplevel
> git rev-parse --show-toplevel
> git status -z -u
> git symbolic-ref --short HEAD
> git rev-parse feature-dataprep-plattform-stack
> git rev-parse --symbolic-full-name feature-dataprep-plattform-stack@{u}
> git rev-list --left-right feature-dataprep-plattform-stack...refs/remotes/origin/feature-dataprep-plattform-stack
> git for-each-ref --format %(refname) %(objectname) --sort -committerdate
> git remote --verbose
> git config --get commit.template
> git check-ignore -v -z --stdin
> git check-ignore -v -z --stdin
> git show :stacks/services/dataprep-plattform/containers/main.tf
> git rev-parse --show-toplevel
> git rev-parse --show-toplevel
> git status -z -u
> git symbolic-ref --short HEAD
> git rev-parse feature-dataprep-plattform-stack
> git rev-parse --symbolic-full-name feature-dataprep-plattform-stack@{u}
> git rev-list --left-right feature-dataprep-plattform-stack...refs/remotes/origin/feature-dataprep-plattform-stack
> git for-each-ref --format %(refname) %(objectname) --sort -committerdate
> git remote --verbose
> git config --get commit.template
> git show :stacks/services/dataprep-plattform/containers/main.tf
> git status -z -u
> git symbolic-ref --short HEAD
> git rev-parse feature-dataprep-plattform-stack
> git rev-parse --symbolic-full-name feature-dataprep-plattform-stack@{u}
> git rev-list --left-right feature-dataprep-plattform-stack...refs/remotes/origin/feature-dataprep-plattform-stack
> git for-each-ref --format %(refname) %(objectname) --sort -committerdate
> git remote --verbose
> git config --get commit.template
> git rev-parse --show-toplevel
> git rev-parse --show-toplevel
> git show :stacks/services/dataprep-plattform/containers/main.tf
> git show :stacks/services/sekundaer/containers/main.tf
> git status -z -u
> git symbolic-ref --short HEAD
> git rev-parse feature-dataprep-plattform-stack
> git rev-parse --symbolic-full-name feature-dataprep-plattform-stack@{u}
> git rev-list --left-right feature-dataprep-plattform-stack...refs/remotes/origin/feature-dataprep-plattform-stack
> git for-each-ref --format %(refname) %(objectname) --sort -committerdate
> git remote --verbose
> git config --get commit.template
> git rev-parse --show-toplevel
> git rev-parse --show-toplevel
> git show :stacks/services/dataprep-plattform/containers/main.tf
> git show :stacks/services/sekundaer/containers/main.tf
> git show :stacks/services/sekundaer/containers/outputs.tf
> git show :stacks/services/sekundaer/containers/variables.tf
> git check-ignore -v -z --stdin
> git show :stacks/services/dataprep-plattform/containers/variables.tf
> git check-ignore -v -z --stdin
> git status -z -u
> git symbolic-ref --short HEAD
> git rev-parse feature-dataprep-plattform-stack
> git rev-parse --symbolic-full-name feature-dataprep-plattform-stack@{u}
> git rev-list --left-right feature-dataprep-plattform-stack...refs/remotes/origin/feature-dataprep-plattform-stack
> git for-each-ref --format %(refname) %(objectname) --sort -committerdate
> git remote --verbose
> git config --get commit.template
> git rev-parse --show-toplevel
> git rev-parse --show-toplevel
> git show :stacks/services/sekundaer/containers/terraform.tfvars
> git status -z -u
> git symbolic-ref --short HEAD
> git rev-parse feature-dataprep-plattform-stack
> git rev-parse --symbolic-full-name feature-dataprep-plattform-stack@{u}
> git rev-list --left-right feature-dataprep-plattform-stack...refs/remotes/origin/feature-dataprep-plattform-stack
> git for-each-ref --format %(refname) %(objectname) --sort -committerdate
> git remote --verbose
> git config --get commit.template
> git rev-parse --show-toplevel
> git rev-parse --show-toplevel
> git show :stacks/services/dataprep-plattform/containers/terraform.tfvars
> git check-ignore -v -z --stdin
> git status -z -u
> git symbolic-ref --short HEAD
> git rev-parse feature-dataprep-plattform-stack
> git rev-parse --symbolic-full-name feature-dataprep-plattform-stack@{u}
> git rev-list --left-right feature-dataprep-plattform-stack...refs/remotes/origin/feature-dataprep-plattform-stack
> git for-each-ref --format %(refname) %(objectname) --sort -committerdate
> git remote --verbose
> git config --get commit.template
> git rev-parse --show-toplevel
> git rev-parse --show-toplevel
> git status -z -u
> git symbolic-ref --short HEAD
> git rev-parse feature-dataprep-plattform-stack
> git rev-parse --symbolic-full-name feature-dataprep-plattform-stack@{u}
> git rev-list --left-right feature-dataprep-plattform-stack...refs/remotes/origin/feature-dataprep-plattform-stack
> git for-each-ref --format %(refname) %(objectname) --sort -committerdate
> git remote --verbose
> git config --get commit.template
> git rev-parse --show-toplevel
> git rev-parse --show-toplevel
> git show :stacks/services/dataprep-plattform/containers/variables.tf
> git check-ignore -v -z --stdin
> git status -z -u
> git symbolic-ref --short HEAD
> git rev-parse feature-dataprep-plattform-stack
> git rev-parse --symbolic-full-name feature-dataprep-plattform-stack@{u}
> git rev-list --left-right feature-dataprep-plattform-stack...refs/remotes/origin/feature-dataprep-plattform-stack
> git for-each-ref --format %(refname) %(objectname) --sort -committerdate
> git remote --verbose
> git config --get commit.template
> git rev-parse --show-toplevel
> git rev-parse --show-toplevel
> git show :stacks/services/dataprep-plattform/containers/terraform.tfvars
> git show :stacks/services/dataprep-plattform/containers/variables.tf
> git status -z -u
> git symbolic-ref --short HEAD
> git rev-parse feature-dataprep-plattform-stack
> git rev-parse --symbolic-full-name feature-dataprep-plattform-stack@{u}
> git rev-list --left-right feature-dataprep-plattform-stack...refs/remotes/origin/feature-dataprep-plattform-stack
> git for-each-ref --format %(refname) %(objectname) --sort -committerdate
> git remote --verbose
> git config --get commit.template
> git rev-parse --show-toplevel
> git rev-parse --show-toplevel
> git show :modules/dataplatform-server/main.tf
> git check-ignore -v -z --stdin
> git show :stacks/services/dataprep-plattform/platform/main.tf
> git check-ignore -v -z --stdin
> git show :modules/dataplatform-server/main.tf
> git show :stacks/services/dataprep-plattform/containers/main.tf
> git check-ignore -v -z --stdin
> git fetch
> git fetch
> git status -z -u
> git symbolic-ref --short HEAD
> git rev-parse feature-dataprep-plattform-stack
> git rev-parse --symbolic-full-name feature-dataprep-plattform-stack@{u}
> git rev-list --left-right feature-dataprep-plattform-stack...refs/remotes/origin/feature-dataprep-plattform-stack
> git for-each-ref --format %(refname) %(objectname) --sort -committerdate
> git remote --verbose
> git config --get commit.template
> git rev-parse --show-toplevel
> git rev-parse --show-toplevel
> git status -z -u
> git status -z -u
> git symbolic-ref --short HEAD
> git rev-parse feature-dataprep-plattform-stack
> git rev-parse --symbolic-full-name feature-dataprep-plattform-stack@{u}
> git symbolic-ref --short HEAD
> git rev-list --left-right feature-dataprep-plattform-stack...refs/remotes/origin/feature-dataprep-plattform-stack
> git rev-parse feature-dataprep-plattform-stack
> git for-each-ref --format %(refname) %(objectname) --sort -committerdate
> git remote --verbose
> git rev-parse --symbolic-full-name feature-dataprep-plattform-stack@{u}
> git rev-list --left-right feature-dataprep-plattform-stack...refs/remotes/origin/feature-dataprep-plattform-stack
> git config --get commit.template
> git for-each-ref --format %(refname) %(objectname) --sort -committerdate
> git remote --verbose
> git config --get commit.template
> git rev-parse --show-toplevel
> git rev-parse --show-toplevel
> git show :stacks/services/dataprep-plattform/containers/main.tf
> git show :stacks/services/dataprep-plattform/containers/terraform.tfvars
> git status -z -u
> git symbolic-ref --short HEAD
> git rev-parse feature-dataprep-plattform-stack
> git rev-parse --symbolic-full-name feature-dataprep-plattform-stack@{u}
> git rev-list --left-right feature-dataprep-plattform-stack...refs/remotes/origin/feature-dataprep-plattform-stack
> git for-each-ref --format %(refname) %(objectname) --sort -committerdate
> git remote --verbose
> git config --get commit.template
> git rev-parse --show-toplevel
> git rev-parse --show-toplevel
> git show :stacks/services/dataprep-plattform/containers/variables.tf
> git status -z -u
> git symbolic-ref --short HEAD
> git rev-parse feature-dataprep-plattform-stack
> git rev-parse --symbolic-full-name feature-dataprep-plattform-stack@{u}
> git rev-list --left-right feature-dataprep-plattform-stack...refs/remotes/origin/feature-dataprep-plattform-stack
> git for-each-ref --format %(refname) %(objectname) --sort -committerdate
> git remote --verbose
> git config --get commit.template
> git rev-parse --show-toplevel
> git rev-parse --show-toplevel
> git show :stacks/services/dataprep-plattform/containers/terraform.tfvars
> git show :stacks/services/dataprep-plattform/containers/variables.tf
> git fetch
> git fetch
> git status -z -u
> git symbolic-ref --short HEAD
> git rev-parse feature-dataprep-plattform-stack
> git rev-parse --symbolic-full-name feature-dataprep-plattform-stack@{u}
> git rev-list --left-right feature-dataprep-plattform-stack...refs/remotes/origin/feature-dataprep-plattform-stack
> git for-each-ref --format %(refname) %(objectname) --sort -committerdate
> git remote --verbose
> git config --get commit.template
> git status -z -u
> git symbolic-ref --short HEAD
> git rev-parse feature-dataprep-plattform-stack
> git rev-parse --symbolic-full-name feature-dataprep-plattform-stack@{u}
> git rev-list --left-right feature-dataprep-plattform-stack...refs/remotes/origin/feature-dataprep-plattform-stack
> git for-each-ref --format %(refname) %(objectname) --sort -committerdate
> git remote --verbose
> git config --get commit.template
> git rev-parse --show-toplevel
> git rev-parse --show-toplevel
> git show :stacks/services/dataprep-plattform/containers/variables.tf
> git status -z -u
> git symbolic-ref --short HEAD
> git rev-parse feature-dataprep-plattform-stack
> git rev-parse --symbolic-full-name feature-dataprep-plattform-stack@{u}
> git rev-list --left-right feature-dataprep-plattform-stack...refs/remotes/origin/feature-dataprep-plattform-stack
> git for-each-ref --format %(refname) %(objectname) --sort -committerdate
> git remote --verbose
> git config --get commit.template
> git rev-parse --show-toplevel
> git rev-parse --show-toplevel
> git fetch
> git fetch
> git status -z -u
> git symbolic-ref --short HEAD
> git rev-parse feature-dataprep-plattform-stack
> git rev-parse --symbolic-full-name feature-dataprep-plattform-stack@{u}
> git rev-list --left-right feature-dataprep-plattform-stack...refs/remotes/origin/feature-dataprep-plattform-stack
> git for-each-ref --format %(refname) %(objectname) --sort -committerdate
> git remote --verbose
> git config --get commit.template
> git status -z -u
> git symbolic-ref --short HEAD
> git rev-parse feature-dataprep-plattform-stack
> git rev-parse --symbolic-full-name feature-dataprep-plattform-stack@{u}
> git rev-list --left-right feature-dataprep-plattform-stack...refs/remotes/origin/feature-dataprep-plattform-stack
> git for-each-ref --format %(refname) %(objectname) --sort -committerdate
> git remote --verbose
> git config --get commit.template
> git rev-parse --show-toplevel
> git rev-parse --show-toplevel
> git show :stacks/services/dataprep-plattform/containers/variables.tf
> git status -z -u
> git symbolic-ref --short HEAD
> git rev-parse feature-dataprep-plattform-stack
> git rev-parse --symbolic-full-name feature-dataprep-plattform-stack@{u}
> git rev-list --left-right feature-dataprep-plattform-stack...refs/remotes/origin/feature-dataprep-plattform-stack
> git for-each-ref --format %(refname) %(objectname) --sort -committerdate
> git remote --verbose
> git config --get commit.template
> git rev-parse --show-toplevel
> git rev-parse --show-toplevel
> git show :stacks/services/dataprep-plattform/containers/main.tf
> git fetch
> git fetch
> git status -z -u
> git symbolic-ref --short HEAD
> git rev-parse feature-dataprep-plattform-stack
> git rev-parse --symbolic-full-name feature-dataprep-plattform-stack@{u}
> git rev-list --left-right feature-dataprep-plattform-stack...refs/remotes/origin/feature-dataprep-plattform-stack
> git for-each-ref --format %(refname) %(objectname) --sort -committerdate
> git remote --verbose
> git config --get commit.template
> git status -z -u
> git symbolic-ref --short HEAD
> git rev-parse feature-dataprep-plattform-stack
> git rev-parse --symbolic-full-name feature-dataprep-plattform-stack@{u}
> git rev-list --left-right feature-dataprep-plattform-stack...refs/remotes/origin/feature-dataprep-plattform-stack
> git for-each-ref --format %(refname) %(objectname) --sort -committerdate
> git remote --verbose
> git config --get commit.template
> git rev-parse --show-toplevel
> git rev-parse --show-toplevel
> git show :stacks/services/dataprep-plattform/containers/main.tf
> git status -z -u
> git symbolic-ref --short HEAD
> git rev-parse feature-dataprep-plattform-stack
> git rev-parse --symbolic-full-name feature-dataprep-plattform-stack@{u}
> git rev-list --left-right feature-dataprep-plattform-stack...refs/remotes/origin/feature-dataprep-plattform-stack
> git for-each-ref --format %(refname) %(objectname) --sort -committerdate
> git remote --verbose
> git config --get commit.template
> git rev-parse --show-toplevel
> git rev-parse --show-toplevel
git.stage 1
git.stage.scmResources 1
> git add -A -- /home/m88614/IdeaProjects/Minerva/minerva/stacks/services/dataprep-plattform/containers/main.tf
> git status -z -u
> git symbolic-ref --short HEAD
> git rev-parse feature-dataprep-plattform-stack
> git rev-parse --symbolic-full-name feature-dataprep-plattform-stack@{u}
> git rev-list --left-right feature-dataprep-plattform-stack...refs/remotes/origin/feature-dataprep-plattform-stack
> git for-each-ref --format %(refname) %(objectname) --sort -committerdate
> git remote --verbose
> git config --get commit.template
> git rev-parse --show-toplevel
> git rev-parse --show-toplevel
> git branch
> git reset -q HEAD -- /home/m88614/IdeaProjects/Minerva/minerva/stacks/services/dataprep-plattform/containers/main.tf
> git status -z -u
> git symbolic-ref --short HEAD
> git rev-parse feature-dataprep-plattform-stack
> git rev-parse --symbolic-full-name feature-dataprep-plattform-stack@{u}
> git rev-list --left-right feature-dataprep-plattform-stack...refs/remotes/origin/feature-dataprep-plattform-stack
> git for-each-ref --format %(refname) %(objectname) --sort -committerdate
> git remote --verbose
> git config --get commit.template
> git rev-parse --show-toplevel
> git rev-parse --show-toplevel
git.stage 1
git.stage.scmResources 1
> git add -A -- /home/m88614/IdeaProjects/Minerva/minerva/stacks/services/dataprep-plattform/containers/main.tf
> git status -z -u
> git symbolic-ref --short HEAD
> git rev-parse feature-dataprep-plattform-stack
> git rev-parse --symbolic-full-name feature-dataprep-plattform-stack@{u}
> git rev-list --left-right feature-dataprep-plattform-stack...refs/remotes/origin/feature-dataprep-plattform-stack
> git for-each-ref --format %(refname) %(objectname) --sort -committerdate
> git remote --verbose
> git config --get commit.template
> git rev-parse --show-toplevel
> git rev-parse --show-toplevel
> git show :stacks/services/dataprep-plattform/containers/main.tf
git.stage 1
git.stage.scmResources 1
> git add -A -- /home/m88614/IdeaProjects/Minerva/minerva/stacks/services/dataprep-plattform/containers/terraform.tfvars
> git status -z -u
> git symbolic-ref --short HEAD
> git rev-parse feature-dataprep-plattform-stack
> git rev-parse --symbolic-full-name feature-dataprep-plattform-stack@{u}
> git rev-list --left-right feature-dataprep-plattform-stack...refs/remotes/origin/feature-dataprep-plattform-stack
> git for-each-ref --format %(refname) %(objectname) --sort -committerdate
> git remote --verbose
> git config --get commit.template
> git status -z -u
> git symbolic-ref --short HEAD
> git rev-parse feature-dataprep-plattform-stack
> git rev-parse --symbolic-full-name feature-dataprep-plattform-stack@{u}
> git rev-list --left-right feature-dataprep-plattform-stack...refs/remotes/origin/feature-dataprep-plattform-stack
> git for-each-ref --format %(refname) %(objectname) --sort -committerdate
> git remote --verbose
> git config --get commit.template
> git rev-parse --show-toplevel
git.stage 1
git.stage.scmResources 1
> git add -A -- /home/m88614/IdeaProjects/Minerva/minerva/stacks/services/dataprep-plattform/containers/variables.tf
> git rev-parse --show-toplevel
> git status -z -u
> git symbolic-ref --short HEAD
> git rev-parse feature-dataprep-plattform-stack
> git rev-parse --symbolic-full-name feature-dataprep-plattform-stack@{u}
> git rev-list --left-right feature-dataprep-plattform-stack...refs/remotes/origin/feature-dataprep-plattform-stack
> git for-each-ref --format %(refname) %(objectname) --sort -committerdate
> git remote --verbose
> git config --get commit.template
> git rev-parse --show-toplevel
> git rev-parse --show-toplevel
> git show :stacks/services/dataprep-plattform/containers/main.tf
> git status -z -u
> git symbolic-ref --short HEAD
> git rev-parse feature-dataprep-plattform-stack
> git rev-parse --symbolic-full-name feature-dataprep-plattform-stack@{u}
> git rev-list --left-right feature-dataprep-plattform-stack...refs/remotes/origin/feature-dataprep-plattform-stack
> git for-each-ref --format %(refname) %(objectname) --sort -committerdate
> git remote --verbose
> git config --get commit.template
> git rev-parse --show-toplevel
> git rev-parse --show-toplevel
> git commit --quiet --allow-empty-message --file -
> git status -z -u
> git symbolic-ref --short HEAD
> git rev-parse feature-dataprep-plattform-stack
> git rev-parse --symbolic-full-name feature-dataprep-plattform-stack@{u}
> git rev-list --left-right feature-dataprep-plattform-stack...refs/remotes/origin/feature-dataprep-plattform-stack
> git for-each-ref --format %(refname) %(objectname) --sort -committerdate
> git remote --verbose
> git config --get commit.template
> git config --get commit.template
> git rev-parse --show-toplevel
> git rev-parse --show-toplevel
> git show :stacks/services/dataprep-plattform/containers/main.tf
> git status -z -u
> git symbolic-ref --short HEAD
> git rev-parse feature-dataprep-plattform-stack
> git rev-parse --symbolic-full-name feature-dataprep-plattform-stack@{u}
> git rev-list --left-right feature-dataprep-plattform-stack...refs/remotes/origin/feature-dataprep-plattform-stack
> git for-each-ref --format %(refname) %(objectname) --sort -committerdate
> git remote --verbose
> git config --get commit.template
> git rev-parse --show-toplevel
> git rev-parse --show-toplevel
> git push origin feature-dataprep-plattform-stack:feature-dataprep-plattform-stack
To https://85689bebec9080318aeb3a5135a0749c866f859b@github.com/Skatteetaten/minerva
   394ebde..bc76835  feature-dataprep-plattform-stack -> feature-dataprep-plattform-stack
> git status -z -u
> git symbolic-ref --short HEAD
> git rev-parse feature-dataprep-plattform-stack
> git rev-parse --symbolic-full-name feature-dataprep-plattform-stack@{u}
> git rev-list --left-right feature-dataprep-plattform-stack...refs/remotes/origin/feature-dataprep-plattform-stack
> git for-each-ref --format %(refname) %(objectname) --sort -committerdate
> git remote --verbose
> git config --get commit.template
> git rev-parse --show-toplevel
> git rev-parse --show-toplevel
> git show :stacks/services/dataprep-plattform/containers/main.tf
> git status -z -u
> git symbolic-ref --short HEAD
> git rev-parse feature-dataprep-plattform-stack
> git rev-parse --symbolic-full-name feature-dataprep-plattform-stack@{u}
> git rev-list --left-right feature-dataprep-plattform-stack...refs/remotes/origin/feature-dataprep-plattform-stack
> git for-each-ref --format %(refname) %(objectname) --sort -committerdate
> git remote --verbose
> git config --get commit.template
> git rev-parse --show-toplevel
> git rev-parse --show-toplevel
> git check-ignore -v -z --stdin
> git show :modules/config/README.MD
> git check-ignore -v -z --stdin
> git fetch
> git fetch
> git show :modules/config/README.MD
> git status -z -u
> git status -z -u
> git symbolic-ref --short HEAD
> git rev-parse feature-dataprep-plattform-stack
> git symbolic-ref --short HEAD
> git rev-parse --symbolic-full-name feature-dataprep-plattform-stack@{u}
> git rev-parse feature-dataprep-plattform-stack
> git rev-list --left-right feature-dataprep-plattform-stack...refs/remotes/origin/feature-dataprep-plattform-stack
> git rev-parse --symbolic-full-name feature-dataprep-plattform-stack@{u}
> git rev-list --left-right feature-dataprep-plattform-stack...refs/remotes/origin/feature-dataprep-plattform-stack
> git for-each-ref --format %(refname) %(objectname) --sort -committerdate
> git remote --verbose
> git for-each-ref --format %(refname) %(objectname) --sort -committerdate
> git remote --verbose
> git config --get commit.template
> git config --get commit.template
> git rev-parse --show-toplevel
> git rev-parse --show-toplevel
> git show :modules/config/README.MD
> git status -z -u
> git symbolic-ref --short HEAD
> git rev-parse feature-dataprep-plattform-stack
> git rev-parse --symbolic-full-name feature-dataprep-plattform-stack@{u}
> git rev-list --left-right feature-dataprep-plattform-stack...refs/remotes/origin/feature-dataprep-plattform-stack
> git for-each-ref --format %(refname) %(objectname) --sort -committerdate
> git remote --verbose
> git config --get commit.template
> git rev-parse --show-toplevel
> git rev-parse --show-toplevel
> git show :stacks/services/dataprep-plattform/containers/main.tf
> git show :modules/config/README.MD
> git show :stacks/services/dataprep-plattform/containers/main.tf
> git show :modules/config/README.MD
> git show :stacks/services/dataprep-plattform/containers/main.tf
> git fetch
> git fetch
> git show :stacks/services/dataprep-plattform/containers/main.tf
> git status -z -u
> git symbolic-ref --short HEAD
> git rev-parse feature-dataprep-plattform-stack
> git rev-parse --symbolic-full-name feature-dataprep-plattform-stack@{u}
> git rev-list --left-right feature-dataprep-plattform-stack...refs/remotes/origin/feature-dataprep-plattform-stack
> git for-each-ref --format %(refname) %(objectname) --sort -committerdate
> git remote --verbose
> git status -z -u
> git symbolic-ref --short HEAD
> git rev-parse feature-dataprep-plattform-stack
> git config --get commit.template
> git rev-parse --symbolic-full-name feature-dataprep-plattform-stack@{u}
> git rev-list --left-right feature-dataprep-plattform-stack...refs/remotes/origin/feature-dataprep-plattform-stack
> git for-each-ref --format %(refname) %(objectname) --sort -committerdate
> git remote --verbose
> git config --get commit.template
> git rev-parse --show-toplevel
> git rev-parse --show-toplevel
> git show :modules/config/README.MD
> git status -z -u
> git symbolic-ref --short HEAD
> git rev-parse feature-dataprep-plattform-stack
> git rev-parse --symbolic-full-name feature-dataprep-plattform-stack@{u}
> git rev-list --left-right feature-dataprep-plattform-stack...refs/remotes/origin/feature-dataprep-plattform-stack
> git for-each-ref --format %(refname) %(objectname) --sort -committerdate
> git remote --verbose
> git config --get commit.template
> git rev-parse --show-toplevel
> git rev-parse --show-toplevel
> git fetch
> git fetch
> git status -z -u
> git symbolic-ref --short HEAD
> git rev-parse feature-dataprep-plattform-stack
> git rev-parse --symbolic-full-name feature-dataprep-plattform-stack@{u}
> git status -z -u
> git rev-list --left-right feature-dataprep-plattform-stack...refs/remotes/origin/feature-dataprep-plattform-stack
> git symbolic-ref --short HEAD
> git for-each-ref --format %(refname) %(objectname) --sort -committerdate
> git remote --verbose
> git rev-parse feature-dataprep-plattform-stack
> git rev-parse --symbolic-full-name feature-dataprep-plattform-stack@{u}
> git config --get commit.template
> git rev-list --left-right feature-dataprep-plattform-stack...refs/remotes/origin/feature-dataprep-plattform-stack
> git for-each-ref --format %(refname) %(objectname) --sort -committerdate
> git remote --verbose
> git config --get commit.template
> git rev-parse --show-toplevel
> git rev-parse --show-toplevel
> git show :modules/config/README.MD
> git status -z -u
> git symbolic-ref --short HEAD
> git rev-parse feature-dataprep-plattform-stack
> git rev-parse --symbolic-full-name feature-dataprep-plattform-stack@{u}
> git rev-list --left-right feature-dataprep-plattform-stack...refs/remotes/origin/feature-dataprep-plattform-stack
> git for-each-ref --format %(refname) %(objectname) --sort -committerdate
> git remote --verbose
> git config --get commit.template
> git rev-parse --show-toplevel
> git rev-parse --show-toplevel
> git fetch
> git fetch
> git status -z -u
> git symbolic-ref --short HEAD
> git rev-parse feature-dataprep-plattform-stack
> git status -z -u
> git rev-parse --symbolic-full-name feature-dataprep-plattform-stack@{u}
> git rev-list --left-right feature-dataprep-plattform-stack...refs/remotes/origin/feature-dataprep-plattform-stack
> git symbolic-ref --short HEAD
> git for-each-ref --format %(refname) %(objectname) --sort -committerdate
> git remote --verbose
> git rev-parse feature-dataprep-plattform-stack
> git rev-parse --symbolic-full-name feature-dataprep-plattform-stack@{u}
> git config --get commit.template
> git rev-list --left-right feature-dataprep-plattform-stack...refs/remotes/origin/feature-dataprep-plattform-stack
> git for-each-ref --format %(refname) %(objectname) --sort -committerdate
> git remote --verbose
> git config --get commit.template
> git rev-parse --show-toplevel
> git rev-parse --show-toplevel
> git show :modules/config/README.MD
> git status -z -u
> git symbolic-ref --short HEAD
> git rev-parse feature-dataprep-plattform-stack
> git rev-parse --symbolic-full-name feature-dataprep-plattform-stack@{u}
> git rev-list --left-right feature-dataprep-plattform-stack...refs/remotes/origin/feature-dataprep-plattform-stack
> git for-each-ref --format %(refname) %(objectname) --sort -committerdate
> git remote --verbose
> git config --get commit.template
> git rev-parse --show-toplevel
> git rev-parse --show-toplevel
> git fetch
> git fetch
> git status -z -u
> git symbolic-ref --short HEAD
> git status -z -u
> git rev-parse feature-dataprep-plattform-stack
> git rev-parse --symbolic-full-name feature-dataprep-plattform-stack@{u}
> git rev-list --left-right feature-dataprep-plattform-stack...refs/remotes/origin/feature-dataprep-plattform-stack
> git symbolic-ref --short HEAD
> git for-each-ref --format %(refname) %(objectname) --sort -committerdate
> git remote --verbose
> git rev-parse feature-dataprep-plattform-stack
> git config --get commit.template
> git rev-parse --symbolic-full-name feature-dataprep-plattform-stack@{u}
> git rev-list --left-right feature-dataprep-plattform-stack...refs/remotes/origin/feature-dataprep-plattform-stack
> git for-each-ref --format %(refname) %(objectname) --sort -committerdate
> git remote --verbose
> git config --get commit.template
> git rev-parse --show-toplevel
> git rev-parse --show-toplevel
> git show :modules/config/README.MD
> git status -z -u
> git symbolic-ref --short HEAD
> git rev-parse feature-dataprep-plattform-stack
> git rev-parse --symbolic-full-name feature-dataprep-plattform-stack@{u}
> git rev-list --left-right feature-dataprep-plattform-stack...refs/remotes/origin/feature-dataprep-plattform-stack
> git for-each-ref --format %(refname) %(objectname) --sort -committerdate
> git remote --verbose
> git config --get commit.template
> git rev-parse --show-toplevel
> git rev-parse --show-toplevel
> git fetch
> git fetch
> git status -z -u
> git symbolic-ref --short HEAD
> git rev-parse feature-dataprep-plattform-stack
> git rev-parse --symbolic-full-name feature-dataprep-plattform-stack@{u}
> git rev-list --left-right feature-dataprep-plattform-stack...refs/remotes/origin/feature-dataprep-plattform-stack
> git for-each-ref --format %(refname) %(objectname) --sort -committerdate
> git remote --verbose
> git config --get commit.template
From https://github.com/Skatteetaten/minerva
 * [new branch]      MIN-3147_Vault-operator-create-secrets -> origin/MIN-3147_Vault-operator-create-secrets
> git status -z -u
> git symbolic-ref --short HEAD
> git rev-parse feature-dataprep-plattform-stack
> git rev-parse --symbolic-full-name feature-dataprep-plattform-stack@{u}
> git rev-list --left-right feature-dataprep-plattform-stack...refs/remotes/origin/feature-dataprep-plattform-stack
> git for-each-ref --format %(refname) %(objectname) --sort -committerdate
> git remote --verbose
> git config --get commit.template
> git rev-parse --show-toplevel
> git rev-parse --show-toplevel
> git show :modules/config/README.MD
> git status -z -u
> git symbolic-ref --short HEAD
> git rev-parse feature-dataprep-plattform-stack
> git rev-parse --symbolic-full-name feature-dataprep-plattform-stack@{u}
> git rev-list --left-right feature-dataprep-plattform-stack...refs/remotes/origin/feature-dataprep-plattform-stack
> git for-each-ref --format %(refname) %(objectname) --sort -committerdate
> git remote --verbose
> git config --get commit.template
> git rev-parse --show-toplevel
> git rev-parse --show-toplevel
> git rev-parse --show-toplevel
fatal: Not a git repository (or any of the parent directories): .git
> git fetch
> git fetch
> git status -z -u
> git symbolic-ref --short HEAD
> git rev-parse feature-dataprep-plattform-stack
> git rev-parse --symbolic-full-name feature-dataprep-plattform-stack@{u}
> git rev-list --left-right feature-dataprep-plattform-stack...refs/remotes/origin/feature-dataprep-plattform-stack
> git for-each-ref --format %(refname) %(objectname) --sort -committerdate
> git remote --verbose
> git config --get commit.template
From https://github.com/Skatteetaten/minerva
   111d4aa..9816c18  hotfix-srv-packer-epel -> origin/hotfix-srv-packer-epel
> git status -z -u
> git symbolic-ref --short HEAD
> git rev-parse feature-dataprep-plattform-stack
> git rev-parse --symbolic-full-name feature-dataprep-plattform-stack@{u}
> git rev-list --left-right feature-dataprep-plattform-stack...refs/remotes/origin/feature-dataprep-plattform-stack
> git for-each-ref --format %(refname) %(objectname) --sort -committerdate
> git remote --verbose
> git config --get commit.template
> git rev-parse --show-toplevel
> git rev-parse --show-toplevel
> git status -z -u
> git symbolic-ref --short HEAD
> git rev-parse feature-dataprep-plattform-stack
> git rev-parse --symbolic-full-name feature-dataprep-plattform-stack@{u}
> git rev-list --left-right feature-dataprep-plattform-stack...refs/remotes/origin/feature-dataprep-plattform-stack
> git for-each-ref --format %(refname) %(objectname) --sort -committerdate
> git remote --verbose
> git config --get commit.template
> git rev-parse --show-toplevel
> git rev-parse --show-toplevel
> git fetch
> git fetch
> git status -z -u
> git status -z -u
> git symbolic-ref --short HEAD
> git symbolic-ref --short HEAD
> git rev-parse feature-dataprep-plattform-stack
> git rev-parse feature-dataprep-plattform-stack
> git rev-parse --symbolic-full-name feature-dataprep-plattform-stack@{u}
> git rev-parse --symbolic-full-name feature-dataprep-plattform-stack@{u}
> git rev-list --left-right feature-dataprep-plattform-stack...refs/remotes/origin/feature-dataprep-plattform-stack
> git for-each-ref --format %(refname) %(objectname) --sort -committerdate
> git remote --verbose
> git rev-list --left-right feature-dataprep-plattform-stack...refs/remotes/origin/feature-dataprep-plattform-stack
> git for-each-ref --format %(refname) %(objectname) --sort -committerdate
> git remote --verbose
> git config --get commit.template
> git config --get commit.template
> git rev-parse --show-toplevel
> git rev-parse --show-toplevel
> git status -z -u
> git symbolic-ref --short HEAD
> git rev-parse feature-dataprep-plattform-stack
> git rev-parse --symbolic-full-name feature-dataprep-plattform-stack@{u}
> git rev-list --left-right feature-dataprep-plattform-stack...refs/remotes/origin/feature-dataprep-plattform-stack
> git for-each-ref --format %(refname) %(objectname) --sort -committerdate
> git remote --verbose
> git config --get commit.template
> git rev-parse --show-toplevel
> git rev-parse --show-toplevel
> git fetch
> git fetch
> git status -z -u
> git symbolic-ref --short HEAD
> git rev-parse feature-dataprep-plattform-stack
> git rev-parse --symbolic-full-name feature-dataprep-plattform-stack@{u}
> git rev-list --left-right feature-dataprep-plattform-stack...refs/remotes/origin/feature-dataprep-plattform-stack
> git for-each-ref --format %(refname) %(objectname) --sort -committerdate
> git remote --verbose
> git config --get commit.template
> git status -z -u
> git symbolic-ref --short HEAD
> git rev-parse feature-dataprep-plattform-stack
> git rev-parse --symbolic-full-name feature-dataprep-plattform-stack@{u}
> git rev-list --left-right feature-dataprep-plattform-stack...refs/remotes/origin/feature-dataprep-plattform-stack
> git for-each-ref --format %(refname) %(objectname) --sort -committerdate
> git remote --verbose
> git config --get commit.template
> git rev-parse --show-toplevel
> git rev-parse --show-toplevel
> git fetch
> git fetch
> git status -z -u
> git symbolic-ref --short HEAD
> git rev-parse feature-dataprep-plattform-stack
> git rev-parse --symbolic-full-name feature-dataprep-plattform-stack@{u}
> git rev-list --left-right feature-dataprep-plattform-stack...refs/remotes/origin/feature-dataprep-plattform-stack
> git for-each-ref --format %(refname) %(objectname) --sort -committerdate
> git remote --verbose
> git config --get commit.template
> git rev-parse --show-toplevel
> git rev-parse --show-toplevel
> git status -z -u
> git symbolic-ref --short HEAD
> git rev-parse feature-dataprep-plattform-stack
> git rev-parse --symbolic-full-name feature-dataprep-plattform-stack@{u}
> git rev-list --left-right feature-dataprep-plattform-stack...refs/remotes/origin/feature-dataprep-plattform-stack
> git for-each-ref --format %(refname) %(objectname) --sort -committerdate
> git remote --verbose
> git config --get commit.template
> git status -z -u
> git symbolic-ref --short HEAD
> git rev-parse feature-dataprep-plattform-stack
> git rev-parse --symbolic-full-name feature-dataprep-plattform-stack@{u}
> git rev-list --left-right feature-dataprep-plattform-stack...refs/remotes/origin/feature-dataprep-plattform-stack
> git for-each-ref --format %(refname) %(objectname) --sort -committerdate
> git remote --verbose
> git config --get commit.template
> git rev-parse --show-toplevel
> git rev-parse --show-toplevel
> git status -z -u
> git symbolic-ref --short HEAD
> git rev-parse feature-dataprep-plattform-stack
> git rev-parse --symbolic-full-name feature-dataprep-plattform-stack@{u}
> git rev-list --left-right feature-dataprep-plattform-stack...refs/remotes/origin/feature-dataprep-plattform-stack
> git for-each-ref --format %(refname) %(objectname) --sort -committerdate
> git remote --verbose
> git config --get commit.template
> git rev-parse --show-toplevel
> git rev-parse --show-toplevel
> git fetch
> git fetch
> git status -z -u
> git symbolic-ref --short HEAD
> git rev-parse feature-dataprep-plattform-stack
> git rev-parse --symbolic-full-name feature-dataprep-plattform-stack@{u}
> git rev-list --left-right feature-dataprep-plattform-stack...refs/remotes/origin/feature-dataprep-plattform-stack
> git for-each-ref --format %(refname) %(objectname) --sort -committerdate
> git remote --verbose
> git config --get commit.template
> git status -z -u
> git symbolic-ref --short HEAD
> git rev-parse feature-dataprep-plattform-stack
> git rev-parse --symbolic-full-name feature-dataprep-plattform-stack@{u}
> git rev-list --left-right feature-dataprep-plattform-stack...refs/remotes/origin/feature-dataprep-plattform-stack
> git for-each-ref --format %(refname) %(objectname) --sort -committerdate
> git remote --verbose
> git config --get commit.template
> git rev-parse --show-toplevel
> git rev-parse --show-toplevel
> git status -z -u
> git symbolic-ref --short HEAD
> git rev-parse feature-dataprep-plattform-stack
> git rev-parse --symbolic-full-name feature-dataprep-plattform-stack@{u}
> git rev-list --left-right feature-dataprep-plattform-stack...refs/remotes/origin/feature-dataprep-plattform-stack
> git for-each-ref --format %(refname) %(objectname) --sort -committerdate
> git remote --verbose
> git config --get commit.template
> git rev-parse --show-toplevel
> git rev-parse --show-toplevel
> git fetch
> git fetch
> git status -z -u
> git symbolic-ref --short HEAD
> git rev-parse feature-dataprep-plattform-stack
> git rev-parse --symbolic-full-name feature-dataprep-plattform-stack@{u}
> git rev-list --left-right feature-dataprep-plattform-stack...refs/remotes/origin/feature-dataprep-plattform-stack
> git for-each-ref --format %(refname) %(objectname) --sort -committerdate
> git remote --verbose
> git config --get commit.template
> git status -z -u
> git symbolic-ref --short HEAD
> git rev-parse feature-dataprep-plattform-stack
> git rev-parse --symbolic-full-name feature-dataprep-plattform-stack@{u}
> git rev-list --left-right feature-dataprep-plattform-stack...refs/remotes/origin/feature-dataprep-plattform-stack
> git for-each-ref --format %(refname) %(objectname) --sort -committerdate
> git remote --verbose
> git config --get commit.template
> git rev-parse --show-toplevel
> git rev-parse --show-toplevel
> git fetch
> git fetch
From https://github.com/Skatteetaten/minerva-config
 * [new branch]      bugfix-srv-packer-epel -> origin/bugfix-srv-packer-epel
   ba6c336..e6542f9  feature-config-prod-sikker -> origin/feature-config-prod-sikker
> git status -z -u
> git symbolic-ref --short HEAD
> git rev-parse feature-dataprep-plattform-stack
> git rev-parse --symbolic-full-name feature-dataprep-plattform-stack@{u}
> git rev-list --left-right feature-dataprep-plattform-stack...refs/remotes/origin/feature-dataprep-plattform-stack
> git for-each-ref --format %(refname) %(objectname) --sort -committerdate
> git remote --verbose
> git config --get commit.template
From https://github.com/Skatteetaten/minerva
 * [new branch]      MIN-3148-vsphere-datacenter-config-for-templates -> origin/MIN-3148-vsphere-datacenter-config-for-templates
 * [new branch]      MIN-3149-patch-resource-pool-for-sikker-in-updating -> origin/MIN-3149-patch-resource-pool-for-sikker-in-updating
 * [new branch]      bugfix-srv-packer-epel -> origin/bugfix-srv-packer-epel
   c589f81..0201039  feature-config-prod-sikker -> origin/feature-config-prod-sikker
 * [new branch]      feature-provisioner-jenkins -> origin/feature-provisioner-jenkins
   71e93c6..bd00925  hansrasm-dhcp-patch-dhcpd-pools -> origin/hansrasm-dhcp-patch-dhcpd-pools
> git status -z -u
> git symbolic-ref --short HEAD
> git rev-parse feature-dataprep-plattform-stack
> git rev-parse --symbolic-full-name feature-dataprep-plattform-stack@{u}
> git rev-list --left-right feature-dataprep-plattform-stack...refs/remotes/origin/feature-dataprep-plattform-stack
> git for-each-ref --format %(refname) %(objectname) --sort -committerdate
> git remote --verbose
> git config --get commit.template
> git rev-parse --show-toplevel
> git rev-parse --show-toplevel
> git status -z -u
> git symbolic-ref --short HEAD
> git rev-parse feature-dataprep-plattform-stack
> git rev-parse --symbolic-full-name feature-dataprep-plattform-stack@{u}
> git rev-list --left-right feature-dataprep-plattform-stack...refs/remotes/origin/feature-dataprep-plattform-stack
> git for-each-ref --format %(refname) %(objectname) --sort -committerdate
> git remote --verbose
> git config --get commit.template
> git rev-parse --show-toplevel
> git rev-parse --show-toplevel
