[9:42:25 AM] INFO: Linting for "/home/m88614/Documents/traefik_mermaid.md" will be run "onType".
[9:42:25 AM] INFO: Loading user/workspace configuration for "/home/m88614/Documents/traefik_mermaid.md" (not in a workspace folder).
[10:09:09 AM] INFO: Loading user/workspace configuration for "/home/m88614/IdeaProjects/Minerva/minerva/stacks/services/dataprep-plattform/diagrams/proposed_architecture.md" (no configuration file in workspace folder).
[10:09:24 AM] INFO: Linting for "/home/m88614/IdeaProjects/Minerva/minerva/stacks/services/dataprep-plattform/diagrams/proposed_architecture.md" will be run "onType".
[10:55:36 AM] INFO: Loading user/workspace configuration for "/home/m88614/IdeaProjects/Minerva/minerva/stacks/services/dataprep-plattform/architecture.md" (no configuration file in workspace folder).
[12:24:24 PM] INFO: Resetting configuration cache due to ".markdownlint{.json,.yaml,.yml,rc}" or setting change.
[12:24:24 PM] INFO: Loading user/workspace configuration for "/home/m88614/IdeaProjects/Minerva/minerva/stacks/services/dataprep-plattform/diagrams/proposed_architecture.md" (no configuration file in workspace folder).
[12:24:25 PM] INFO: Resetting configuration cache due to ".markdownlint{.json,.yaml,.yml,rc}" or setting change.
[12:24:25 PM] INFO: Loading user/workspace configuration for "/home/m88614/IdeaProjects/Minerva/minerva/stacks/services/dataprep-plattform/diagrams/proposed_architecture.md" (no configuration file in workspace folder).
[12:24:25 PM] INFO: Resetting configuration cache due to ".markdownlint{.json,.yaml,.yml,rc}" or setting change.
[12:24:25 PM] INFO: Loading user/workspace configuration for "/home/m88614/IdeaProjects/Minerva/minerva/stacks/services/dataprep-plattform/diagrams/proposed_architecture.md" (no configuration file in workspace folder).
[12:24:25 PM] INFO: Resetting configuration cache due to ".markdownlint{.json,.yaml,.yml,rc}" or setting change.
[12:24:25 PM] INFO: Loading user/workspace configuration for "/home/m88614/IdeaProjects/Minerva/minerva/stacks/services/dataprep-plattform/diagrams/proposed_architecture.md" (no configuration file in workspace folder).
[12:24:26 PM] INFO: Resetting configuration cache due to ".markdownlint{.json,.yaml,.yml,rc}" or setting change.
[12:24:26 PM] INFO: Loading user/workspace configuration for "/home/m88614/IdeaProjects/Minerva/minerva/stacks/services/dataprep-plattform/diagrams/proposed_architecture.md" (no configuration file in workspace folder).
[12:24:36 PM] INFO: Resetting configuration cache due to ".markdownlint{.json,.yaml,.yml,rc}" or setting change.
[12:24:36 PM] INFO: Loading user/workspace configuration for "/home/m88614/IdeaProjects/Minerva/minerva/stacks/services/dataprep-plattform/diagrams/proposed_architecture.md" (no configuration file in workspace folder).
[12:24:58 PM] INFO: Linting for "/home/m88614/IdeaProjects/Minerva/minerva/stacks/services/dataprep-plattform/diagrams/proposed_architecture.md" will be run "onType".
[12:28:00 PM] INFO: Resetting configuration cache due to ".markdownlint{.json,.yaml,.yml,rc}" or setting change.
[12:28:00 PM] INFO: Loading user/workspace configuration for "/home/m88614/IdeaProjects/Minerva/minerva/stacks/services/dataprep-plattform/diagrams/proposed_architecture.md" (no configuration file in workspace folder).
[12:28:01 PM] INFO: Resetting configuration cache due to ".markdownlint{.json,.yaml,.yml,rc}" or setting change.
[12:28:01 PM] INFO: Loading user/workspace configuration for "/home/m88614/IdeaProjects/Minerva/minerva/stacks/services/dataprep-plattform/diagrams/proposed_architecture.md" (no configuration file in workspace folder).
[12:28:03 PM] INFO: Resetting configuration cache due to ".markdownlint{.json,.yaml,.yml,rc}" or setting change.
[12:28:03 PM] INFO: Loading user/workspace configuration for "/home/m88614/IdeaProjects/Minerva/minerva/stacks/services/dataprep-plattform/diagrams/proposed_architecture.md" (no configuration file in workspace folder).
[12:28:03 PM] INFO: Resetting configuration cache due to ".markdownlint{.json,.yaml,.yml,rc}" or setting change.
[12:28:03 PM] INFO: Loading user/workspace configuration for "/home/m88614/IdeaProjects/Minerva/minerva/stacks/services/dataprep-plattform/diagrams/proposed_architecture.md" (no configuration file in workspace folder).
[12:28:39 PM] INFO: Linting for "/home/m88614/IdeaProjects/Minerva/minerva/stacks/services/dataprep-plattform/diagrams/proposed_architecture.md" will be run "onType".
[3:51:00 PM] INFO: Resetting configuration cache due to ".markdownlint{.json,.yaml,.yml,rc}" or setting change.
[3:51:03 PM] INFO: Loading user/workspace configuration for "/home/m88614/IdeaProjects/Minerva/minerva/stacks/services/dataprep-plattform/diagrams/proposed_architecture.md" (no configuration file in workspace folder).
[3:51:35 PM] INFO: Linting for "/home/m88614/IdeaProjects/Minerva/minerva/stacks/services/dataprep-plattform/diagrams/proposed_architecture.md" will be run "onType".
[9:43:58 AM] INFO: Loading user/workspace configuration for "/home/m88614/IdeaProjects/Minerva/minerva/stacks/services/dataprep-plattform/architecture_description.md" (no configuration file in workspace folder).
[9:44:03 AM] INFO: Loading user/workspace configuration for "/home/m88614/IdeaProjects/Minerva/minerva/stacks/services/dataprep-plattform/architecture.md" (no configuration file in workspace folder).
[9:44:11 AM] INFO: Loading user/workspace configuration for "/home/m88614/IdeaProjects/Minerva/minerva/stacks/services/dataprep-plattform/current_architecture.md" (no configuration file in workspace folder).
[9:44:41 AM] INFO: Linting for "/home/m88614/IdeaProjects/Minerva/minerva/stacks/services/dataprep-plattform/current_architecture.md" will be run "onType".
[9:47:19 AM] INFO: Loading user/workspace configuration for "/home/m88614/IdeaProjects/Minerva/minerva/stacks/services/dataprep-plattform/current_architecture_description.md" (no configuration file in workspace folder).
[9:47:25 AM] INFO: Loading user/workspace configuration for "/home/m88614/IdeaProjects/Minerva/minerva/stacks/services/dataprep-plattform/diagrams/proposed_architecture_description.md" (no configuration file in workspace folder).
[9:52:28 AM] INFO: Linting for "/home/m88614/IdeaProjects/Minerva/minerva/stacks/services/dataprep-plattform/diagrams/proposed_architecture_description.md" will be run "onType".
[1:55:52 PM] INFO: Resetting configuration cache due to ".markdownlint{.json,.yaml,.yml,rc}" or setting change.
[1:55:55 PM] INFO: Resetting configuration cache due to ".markdownlint{.json,.yaml,.yml,rc}" or setting change.
[1:55:57 PM] INFO: Loading user/workspace configuration for "/home/m88614/IdeaProjects/Minerva/minerva/stacks/services/dataprep-plattform/diagrams/proposed_architecture.md" (no configuration file in workspace folder).
[1:56:23 PM] INFO: Linting for "/home/m88614/IdeaProjects/Minerva/minerva/stacks/services/dataprep-plattform/diagrams/proposed_architecture.md" will be run "onType".
[3:41:14 PM] INFO: Linting for "/home/m88614/IdeaProjects/Minerva/minerva/stacks/services/dataprep-plattform/current_architecture.md" will be run "onType".
[3:41:15 PM] INFO: Loading user/workspace configuration for "/home/m88614/IdeaProjects/Minerva/minerva/stacks/services/dataprep-plattform/current_architecture.md" (no configuration file in workspace folder).
