[06/27/19, 10:17:58:941] info: Configured logger via 
{
  "logLevel": "info",
  "devMode": false
}
[06/27/19, 10:17:59:119] info: Initializing local storage instance at path: /home/m88614/.config/Slack/local-settings.json 
[06/27/19, 10:17:59:295] info: NetworkStatus: Waiting for network online… 
[06/27/19, 10:17:59:522] info: Read UUID from file successful 
{
  "uuid": "1e1ed0b2-fd28-51de-8b5d-c3964c95cf26"
}
[06/27/19, 10:17:59:535] info: Store: BACKGROUND_CLIENTS_INITIALIZED 
[06/27/19, 10:17:59:540] info: Store: BACKGROUND_CLIENTS_INITIALIZED true
[06/27/19, 10:17:59:665] info: NetworkStatus: Response from api.test 
{
  "status": "online"
}
[06/27/19, 10:18:00:067] info: Store: SET_NETWORK_STATUS online
[06/27/19, 10:18:00:068] info: Store: MAIN_WINDOW_SHOWN 
[06/27/19, 10:18:00:127] info: Store: ADD_WINDOW 
{
  "id": 3,
  "type": "sign-in"
}
[06/27/19, 10:20:20:158] info: Store: SET_SYSTEM_IDLE idle_taskbar
[06/27/19, 10:20:40:168] info: Store: SET_SYSTEM_IDLE active
[06/27/19, 10:21:20:192] info: Store: SET_SYSTEM_IDLE idle_taskbar
[06/27/19, 10:24:00:261] info: Store: SET_SYSTEM_IDLE active
[06/27/19, 10:25:00:309] info: Store: SET_SYSTEM_IDLE idle_taskbar
[06/27/19, 10:25:40:351] info: Store: SET_SYSTEM_IDLE active
[06/27/19, 10:28:00:445] info: Store: SET_SYSTEM_IDLE idle_taskbar
[06/27/19, 10:29:00:489] info: Store: SET_SYSTEM_IDLE active
[06/27/19, 10:29:20:511] info: Store: SET_SYSTEM_IDLE idle_taskbar
[06/27/19, 10:39:00:930] info: Store: SET_SYSTEM_IDLE idle_presence
[06/27/19, 11:11:02:215] info: Store: SET_SYSTEM_IDLE active
[06/27/19, 11:12:07:150] info: Store: FOREGROUND_APP 
[06/27/19, 11:12:20:479] info: Store: HANDLE_DEEP_LINK 
{
  "causedLaunch": false,
  "url": "slack://TB7UL89TQ/magic-login/680193717414-ef83d256e2bcf3d23c964c1aff86e822e66d4fa6df87ca345d13bb5269cf9eaa"
}
[06/27/19, 11:12:21:173] info: Store: ADD_NEW_TEAM 
{
  "id": "UKXGZB3HA",
  "team_id": "TB7UL89TQ"
}
[06/27/19, 11:12:21:185] info: Store: UPSERT_WEB_CONTENTS 
{
  "id": 5,
  "state": "unloaded",
  "teamId": "TB7UL89TQ"
}
[06/27/19, 11:12:21:284] info: Store: REMOVE_WINDOW 3
[06/27/19, 11:12:21:284] info: Store: REMOVE_WINDOW 3
[06/27/19, 11:12:21:346] info: Store: SET_FULL_SCREEN 
[06/27/19, 11:12:21:347] info: Store: SET_FULL_SCREEN 
[06/27/19, 11:12:21:347] info: Store: SET_FULL_SCREEN 
[06/27/19, 11:12:21:372] info: Store: SET_FULL_SCREEN 
[06/27/19, 11:12:22:391] info: Store: SAVE_WINDOW_SETTINGS 
{
  "isMaximized": false,
  "position": [
    385,
    167
  ],
  "size": [
    1152,
    922
  ]
}
[06/27/19, 11:12:23:985] info: RemoteProcessMethod: Executing remote method 
{
  "target": "localStorage",
  "method": "getItem",
  "senderContentsId": 5
}
[06/27/19, 11:12:23:985] info: sendRemoteResponse: send response to main process to route to renderer 
{
  "channel": "SLACK_REMOTE_PROCESS_RESPONSE",
  "id": 5
}
[06/27/19, 11:12:27:063] info: RemoteProcessMethod: Executing remote method 
{
  "target": "localStorage",
  "method": "setItem",
  "senderContentsId": 5
}
[06/27/19, 11:12:27:063] info: sendRemoteResponse: send response to main process to route to renderer 
{
  "channel": "SLACK_REMOTE_PROCESS_RESPONSE",
  "id": 5
}
[06/27/19, 11:12:27:422] info: Store: UPSERT_WEB_CONTENTS 
{
  "id": 5,
  "state": "loaded",
  "teamId": "TB7UL89TQ"
}
[06/27/19, 11:12:27:645] info: RemoteProcessMethod: Executing remote method 
{
  "target": "localStorage",
  "method": "setItem",
  "senderContentsId": 5
}
[06/27/19, 11:12:27:645] info: sendRemoteResponse: send response to main process to route to renderer 
{
  "channel": "SLACK_REMOTE_PROCESS_RESPONSE",
  "id": 5
}
[06/27/19, 11:12:27:651] info: Store: UPDATE_SESSION_STATUS 
{
  "hasValidSession": true,
  "teamId": "TB7UL89TQ"
}
[06/27/19, 11:12:28:699] info: Store: SELECT_CHANNEL CB6B9L0M6
[06/27/19, 11:12:28:712] info: Store: UPDATE_TEAM_LOCALE 
{
  "locale": "en-US",
  "teamId": "TB7UL89TQ"
}
[06/27/19, 11:12:28:726] info: Store: UPDATE_SETTINGS 
{
  "locale": "en-US"
}
[06/27/19, 11:12:28:735] info: Store: UPDATE_TEAM_THEME 
{
  "teamId": "TB7UL89TQ",
  "theme": {
    "active_item": "#1264A3",
    "active_item_text": "#FFFFFF",
    "active_presence": "#2BAC76",
    "badge": "#CD2553",
    "column_bg": "#3F0E40",
    "hover_item": "#350D36",
    "menu_bg": "#350d36",
    "text_color": "#FFFFFF"
  }
}
[06/27/19, 11:12:29:539] info: Store: UPDATE_TEAM_LOCALE 
{
  "locale": "en-US",
  "teamId": "TB7UL89TQ"
}
[06/27/19, 11:12:29:552] info: Store: UPSERT_WEB_CONTENTS 
{
  "id": 5,
  "state": "webapp-loaded",
  "teamId": "TB7UL89TQ"
}
[06/27/19, 11:12:29:556] info: Store: UPDATE_SETTINGS 
{
  "sandboxSigninWindow": true
}
[06/27/19, 11:12:30:204] info: RemoteProcessMethod: Executing remote method 
{
  "target": "localStorage",
  "method": "getItem",
  "senderContentsId": 5
}
[06/27/19, 11:12:30:204] info: sendRemoteResponse: send response to main process to route to renderer 
{
  "channel": "SLACK_REMOTE_PROCESS_RESPONSE",
  "id": 5
}
[06/27/19, 11:12:30:290] info: Store: STORE_ENTERPRISE_ID_PAIR 
{
  "enterpriseId": null,
  "teamId": "TB7UL89TQ"
}
[06/27/19, 11:12:30:292] info: Store: STORE_API_TOKEN 
{
  "teamId": "TB7UL89TQ",
  "token": "xoxs-⋯"
}
[06/27/19, 11:12:30:433] info: RemoteProcessMethod: Executing remote method 
{
  "target": "localStorage",
  "method": "setItem",
  "senderContentsId": 5
}
[06/27/19, 11:12:30:433] info: sendRemoteResponse: send response to main process to route to renderer 
{
  "channel": "SLACK_REMOTE_PROCESS_RESPONSE",
  "id": 5
}
[06/27/19, 11:12:50:980] info: Store: SET_FULL_SCREEN 
[06/27/19, 11:13:22:301] info: Store: SET_SYSTEM_IDLE idle_taskbar
[06/27/19, 11:13:42:312] info: Store: SET_SYSTEM_IDLE active
[06/27/19, 11:15:53:266] info: Store: SET_FULL_SCREEN 
[06/27/19, 11:15:54:492] info: Store: MINIMIZE 
[06/27/19, 11:15:54:512] info: Store: SET_FULL_SCREEN 
[06/27/19, 11:15:57:294] info: Store: SET_FULL_SCREEN 
[06/27/19, 11:16:24:686] info: Store: SET_FULL_SCREEN 
[06/27/19, 11:16:25:423] info: Store: SET_FULL_SCREEN 
[06/27/19, 11:16:25:872] info: Store: SET_FULL_SCREEN 
