[06/27/19, 11:12:22:678] info: Configured logger via 
{
  "logLevel": "info",
  "devMode": false
}
[06/27/19, 11:12:22:803] info: Initializing local storage instance at path: /home/m88614/.config/Slack/local-settings.json 
[06/27/19, 11:12:23:307] info: Read UUID from file successful 
{
  "uuid": "1e1ed0b2-fd28-51de-8b5d-c3964c95cf26"
}
[06/27/19, 11:12:23:760] info: cld3::loadModule: loading cld3 module 
[06/27/19, 11:12:23:841] info: cld3Loader::loadModule: running environment is NODE 
[06/27/19, 11:12:23:841] info: cld3Loader::loadModule: constructed module object for runtime 
[06/27/19, 11:12:23:885] info: SpellChecker:: updateSpellcheckerLanguage: Skip to set new language null, spellchecker is not available 
[06/27/19, 11:12:23:928] info: Main window preload script finished 
{
  "readyTime": 1790.35626
}
[06/27/19, 11:12:23:977] info: remoteProcessMethod: dispatching request 
{
  "isRendererMethod": true,
  "windowId": 2,
  "target": "localStorage",
  "method": "getItem"
}
[06/27/19, 11:12:24:882] info: cld3Loader::initializeRuntime: successfully initialized module 
[06/27/19, 11:12:24:883] info: cld3Loader::loadModule: initialized wasm binary Runtime 
[06/27/19, 11:12:27:062] info: remoteProcessMethod: dispatching request 
{
  "isRendererMethod": true,
  "windowId": 2,
  "target": "localStorage",
  "method": "setItem"
}
[06/27/19, 11:12:27:459] info: Store: UPSERT_WEB_CONTENTS 
{
  "id": 5,
  "state": "loaded",
  "teamId": "TB7UL89TQ"
}
[06/27/19, 11:12:27:644] info: remoteProcessMethod: dispatching request 
{
  "isRendererMethod": true,
  "windowId": 2,
  "target": "localStorage",
  "method": "setItem"
}
[06/27/19, 11:12:28:119] info: Store: UPDATE_SESSION_STATUS 
{
  "hasValidSession": true,
  "teamId": "TB7UL89TQ"
}
[06/27/19, 11:12:30:187] info: remoteProcessMethod: dispatching request 
{
  "isRendererMethod": true,
  "windowId": 2,
  "target": "localStorage",
  "method": "getItem"
}
[06/27/19, 11:12:30:249] info: Store: SELECT_CHANNEL CB6B9L0M6
[06/27/19, 11:12:30:252] info: Store: UPDATE_TEAM_LOCALE 
{
  "locale": "en-US",
  "teamId": "TB7UL89TQ"
}
[06/27/19, 11:12:30:252] info: Store: UPDATE_SETTINGS 
{
  "locale": "en-US"
}
[06/27/19, 11:12:30:253] info: Store: UPDATE_TEAM_THEME 
{
  "teamId": "TB7UL89TQ",
  "theme": {
    "active_item": "#1264A3",
    "active_item_text": "#FFFFFF",
    "active_presence": "#2BAC76",
    "badge": "#CD2553",
    "column_bg": "#3F0E40",
    "hover_item": "#350D36",
    "menu_bg": "#350d36",
    "text_color": "#FFFFFF"
  }
}
[06/27/19, 11:12:30:271] info: Store: UPDATE_TEAM_LOCALE 
{
  "locale": "en-US",
  "teamId": "TB7UL89TQ"
}
[06/27/19, 11:12:30:277] info: Store: UPSERT_WEB_CONTENTS 
{
  "id": 5,
  "state": "webapp-loaded",
  "teamId": "TB7UL89TQ"
}
[06/27/19, 11:12:30:279] info: Store: UPDATE_SETTINGS 
{
  "sandboxSigninWindow": true
}
[06/27/19, 11:12:30:321] info: Store: STORE_ENTERPRISE_ID_PAIR 
{
  "enterpriseId": null,
  "teamId": "TB7UL89TQ"
}
[06/27/19, 11:12:30:322] info: Store: STORE_API_TOKEN 
{
  "teamId": "TB7UL89TQ",
  "token": "xoxs-⋯"
}
[06/27/19, 11:12:30:392] info: remoteProcessMethod: dispatching request 
{
  "isRendererMethod": true,
  "windowId": 2,
  "target": "localStorage",
  "method": "setItem"
}
[06/27/19, 11:12:31:030] info: postLoadTaskSetup: Setup spellchecker 
{
  "version": "V1"
}
[06/27/19, 11:12:31:973] info: Raw Locale list: ["C","C.UTF-8","en_AG","en_AG.utf8","en_AU.utf8","en_BW.utf8","en_CA.utf8","en_DK.utf8","en_GB.utf8","en_HK.utf8","en_IE.utf8","en_IN","en_IN.utf8","en_NG","en_NG.utf8","en_NZ.utf8","en_PH.utf8","en_SG.utf8","en_US.utf8","en_ZA.utf8","en_ZM","en_ZM.utf8","en_ZW.utf8","nb_NO.utf8","POSIX",""] 
[06/27/19, 11:12:31:974] info: Filtered Locale list: ["en_AG","en_AG","en_AU","en_BW","en_CA","en_DK","en_GB","en_HK","en_IE","en_IN","en_IN","en_NG","en_NG","en_NZ","en_PH","en_SG","en_US","en_ZA","en_ZM","en_ZM","en_ZW","nb_NO"] 
[06/27/19, 11:12:31:974] info: Counts: {"en":["en_AG","en_AG","en_AU","en_BW","en_CA","en_DK","en_GB","en_HK","en_IE","en_IN","en_IN","en_NG","en_NG","en_NZ","en_PH","en_SG","en_US","en_ZA","en_ZM","en_ZM","en_ZW"],"nb":["nb_NO"]} 
[06/27/19, 11:12:31:974] info: Setting nb 
[06/27/19, 11:12:31:975] info: Result: {"nb":"nb-NO","en":"en-US"} 
[06/27/19, 11:12:31:976] info: Requesting to load en-US, alternatives are ["en-US","en-US","en-US"] 
[06/27/19, 11:12:31:978] info: Loading dictionary for language en-US 
[06/27/19, 11:12:31:978] info: Actually downloading https://redirector.gvt1.com/edgedl/chrome/dict/en-us-7-1.bdic 
[06/27/19, 11:12:32:541] info: Setting current spellchecker to en-US, requested language was en-US 
[06/27/19, 11:12:32:542] info: Creating node-spellchecker instance 
[06/27/19, 11:12:32:543] info: Actually installing spell check provider to Electron 
[06/27/19, 11:12:51:032] info: Store: SET_FULL_SCREEN 
[06/27/19, 11:13:22:301] info: Store: SET_SYSTEM_IDLE idle_taskbar
[06/27/19, 11:13:42:314] info: Store: SET_SYSTEM_IDLE active
[06/27/19, 11:15:53:300] info: Store: SET_FULL_SCREEN 
[06/27/19, 11:15:54:493] info: Store: MINIMIZE 
[06/27/19, 11:15:54:509] info: Store: SET_FULL_SCREEN 
[06/27/19, 11:15:57:295] info: Store: SET_FULL_SCREEN 
[06/27/19, 11:16:24:688] info: Store: SET_FULL_SCREEN 
[06/27/19, 11:16:25:423] info: Store: SET_FULL_SCREEN 
[06/27/19, 11:16:25:868] info: Store: SET_FULL_SCREEN 
