Looking for git in: git
Using git 2.7.4 from git
> git rev-parse --show-toplevel
> git rev-parse --git-dir
Open repository: /home/m88614/IdeaProjects/Minerva/minerva
> git fetch
> git status -z -u
> git symbolic-ref --short HEAD
> git rev-parse feature-dataprep-plattform-diagrams
> git rev-parse --symbolic-full-name feature-dataprep-plattform-diagrams@{u}
> git rev-list --left-right feature-dataprep-plattform-diagrams...refs/remotes/origin/feature-dataprep-plattform-diagrams
> git for-each-ref --format %(refname) %(objectname) --sort -committerdate
> git remote --verbose
> git config --get commit.template
> git check-ignore -v -z --stdin
> git rev-parse --show-toplevel
> git rev-parse --show-toplevel
From https://github.com/Skatteetaten/minerva
 * [new branch]      feature-add-newcert-provisioner -> origin/feature-add-newcert-provisioner
> git status -z -u
> git symbolic-ref --short HEAD
> git rev-parse feature-dataprep-plattform-diagrams
> git rev-parse --symbolic-full-name feature-dataprep-plattform-diagrams@{u}
> git rev-list --left-right feature-dataprep-plattform-diagrams...refs/remotes/origin/feature-dataprep-plattform-diagrams
> git for-each-ref --format %(refname) %(objectname) --sort -committerdate
> git remote --verbose
> git config --get commit.template
> git rev-parse --show-toplevel
> git rev-parse --show-toplevel
> git check-ignore -v -z --stdin
> git check-ignore -v -z --stdin
> git check-ignore -v -z --stdin
> git check-ignore -v -z --stdin
> git show :stacks/services/dataprep-plattform/diagrams/proposed_architecture.md
> git status -z -u
> git symbolic-ref --short HEAD
> git rev-parse feature-dataprep-plattform-diagrams
> git rev-parse --symbolic-full-name feature-dataprep-plattform-diagrams@{u}
> git rev-list --left-right feature-dataprep-plattform-diagrams...refs/remotes/origin/feature-dataprep-plattform-diagrams
> git for-each-ref --format %(refname) %(objectname) --sort -committerdate
> git remote --verbose
> git config --get commit.template
> git rev-parse --show-toplevel
> git rev-parse --show-toplevel
> git status -z -u
> git symbolic-ref --short HEAD
> git rev-parse feature-dataprep-plattform-diagrams
> git rev-parse --symbolic-full-name feature-dataprep-plattform-diagrams@{u}
> git rev-list --left-right feature-dataprep-plattform-diagrams...refs/remotes/origin/feature-dataprep-plattform-diagrams
> git for-each-ref --format %(refname) %(objectname) --sort -committerdate
> git remote --verbose
> git config --get commit.template
> git rev-parse --show-toplevel
> git rev-parse --show-toplevel
> git status -z -u
> git symbolic-ref --short HEAD
> git rev-parse feature-dataprep-plattform-diagrams
> git rev-parse --symbolic-full-name feature-dataprep-plattform-diagrams@{u}
> git rev-list --left-right feature-dataprep-plattform-diagrams...refs/remotes/origin/feature-dataprep-plattform-diagrams
> git for-each-ref --format %(refname) %(objectname) --sort -committerdate
> git remote --verbose
> git config --get commit.template
> git rev-parse --show-toplevel
> git rev-parse --show-toplevel
> git fetch
> git status -z -u
> git symbolic-ref --short HEAD
> git rev-parse feature-dataprep-plattform-diagrams
> git rev-parse --symbolic-full-name feature-dataprep-plattform-diagrams@{u}
> git rev-list --left-right feature-dataprep-plattform-diagrams...refs/remotes/origin/feature-dataprep-plattform-diagrams
> git for-each-ref --format %(refname) %(objectname) --sort -committerdate
> git remote --verbose
> git config --get commit.template
> git rev-parse --show-toplevel
> git rev-parse --show-toplevel
> git status -z -u
> git symbolic-ref --short HEAD
> git rev-parse feature-dataprep-plattform-diagrams
> git rev-parse --symbolic-full-name feature-dataprep-plattform-diagrams@{u}
> git rev-list --left-right feature-dataprep-plattform-diagrams...refs/remotes/origin/feature-dataprep-plattform-diagrams
> git for-each-ref --format %(refname) %(objectname) --sort -committerdate
> git remote --verbose
> git config --get commit.template
> git rev-parse --show-toplevel
> git rev-parse --show-toplevel
> git status -z -u
> git symbolic-ref --short HEAD
> git rev-parse feature-dataprep-plattform-diagrams
> git rev-parse --symbolic-full-name feature-dataprep-plattform-diagrams@{u}
> git rev-list --left-right feature-dataprep-plattform-diagrams...refs/remotes/origin/feature-dataprep-plattform-diagrams
> git for-each-ref --format %(refname) %(objectname) --sort -committerdate
> git remote --verbose
> git config --get commit.template
> git rev-parse --show-toplevel
> git rev-parse --show-toplevel
