[2020-02-07 09:28:14.415] [sharedprocess] [info] main {"machineId":"b0c3172fdcd4f77e209db20aaa44a56676534f25a672772eb984099526617fd3","windowId":2}
[2020-02-07 09:28:15.035] [sharedprocess] [info] Deleted from disk davidanson.vscode-markdownlint /home/m88614/.vscode/extensions/davidanson.vscode-markdownlint-0.33.0
[2020-02-07 09:28:15.095] [sharedprocess] [info] Deleted from disk visualstudioexptteam.vscodeintellicode /home/m88614/.vscode/extensions/visualstudioexptteam.vscodeintellicode-1.2.4
[2020-02-07 09:28:15.153] [sharedprocess] [info] Deleted from disk ms-vscode.go /home/m88614/.vscode/extensions/ms-vscode.go-0.12.0
[2020-02-07 09:28:15.173] [sharedprocess] [info] Deleted from disk ms-azuretools.vscode-docker /home/m88614/.vscode/extensions/ms-azuretools.vscode-docker-0.9.0
[2020-02-07 09:28:15.224] [sharedprocess] [info] Deleted from disk shd101wyy.markdown-preview-enhanced /home/m88614/.vscode/extensions/shd101wyy.markdown-preview-enhanced-0.5.1
[2020-02-07 09:28:54.431] [sharedprocess] [info] Starting to clean up unused language packs.
[2020-02-07 10:12:02.274] [sharedprocess] [info] Installing extension: bpruitt-goddard.mermaid-markdown-syntax-highlighting
[2020-02-07 10:12:03.242] [sharedprocess] [info] Downloaded extension: bpruitt-goddard.mermaid-markdown-syntax-highlighting /tmp/70f011a6-d645-4acd-bad2-fc19dfafccf7
[2020-02-07 10:12:03.280] [sharedprocess] [info] Extracted extension to /home/m88614/.vscode/extensions/.bpruitt-goddard.mermaid-markdown-syntax-highlighting-1.0.2: bpruitt-goddard.mermaid-markdown-syntax-highlighting
[2020-02-07 10:12:03.281] [sharedprocess] [info] Renamed to /home/m88614/.vscode/extensions/bpruitt-goddard.mermaid-markdown-syntax-highlighting-1.0.2
[2020-02-07 10:12:03.283] [sharedprocess] [info] Installation completed. bpruitt-goddard.mermaid-markdown-syntax-highlighting
[2020-02-07 10:12:03.290] [sharedprocess] [info] Extensions installed successfully: bpruitt-goddard.mermaid-markdown-syntax-highlighting
[2020-02-11 09:41:27.270] [sharedprocess] [info] Installing extension: eamodio.gitlens
[2020-02-11 09:41:28.183] [sharedprocess] [info] Downloaded extension: eamodio.gitlens /tmp/8f399760-c2c3-4f98-8892-960c79dcfcb7
[2020-02-11 09:41:28.488] [sharedprocess] [info] Extracted extension to /home/m88614/.vscode/extensions/.eamodio.gitlens-10.2.1: eamodio.gitlens
[2020-02-11 09:41:28.488] [sharedprocess] [info] Renamed to /home/m88614/.vscode/extensions/eamodio.gitlens-10.2.1
[2020-02-11 09:41:28.493] [sharedprocess] [info] Installation completed. eamodio.gitlens
[2020-02-11 09:41:28.515] [sharedprocess] [info] Extensions installed successfully: eamodio.gitlens
[2020-02-12 09:41:27.925] [sharedprocess] [info] Installing extension: ms-python.python
[2020-02-12 09:41:30.770] [sharedprocess] [info] Downloaded extension: ms-python.python /tmp/2dc7a576-752f-4e0f-8d3e-aef838b1936e
[2020-02-12 09:41:33.498] [sharedprocess] [info] Extracted extension to /home/m88614/.vscode/extensions/.ms-python.python-2020.2.62710: ms-python.python
[2020-02-12 09:41:33.498] [sharedprocess] [info] Renamed to /home/m88614/.vscode/extensions/ms-python.python-2020.2.62710
[2020-02-12 09:41:33.502] [sharedprocess] [info] Installation completed. ms-python.python
[2020-02-12 09:41:33.527] [sharedprocess] [info] Extensions installed successfully: ms-python.python
[2020-02-13 09:41:28.395] [sharedprocess] [info] Installing extension: ms-python.python
[2020-02-13 09:41:31.134] [sharedprocess] [info] Downloaded extension: ms-python.python /tmp/2295931b-5d3c-4d9a-9247-89121d827884
[2020-02-13 09:41:33.573] [sharedprocess] [info] Extracted extension to /home/m88614/.vscode/extensions/.ms-python.python-2020.2.63072: ms-python.python
[2020-02-13 09:41:33.573] [sharedprocess] [info] Renamed to /home/m88614/.vscode/extensions/ms-python.python-2020.2.63072
[2020-02-13 09:41:33.576] [sharedprocess] [info] Installation completed. ms-python.python
[2020-02-13 09:41:33.603] [sharedprocess] [info] Extensions installed successfully: ms-python.python
