[2020-01-09 09:20:13.717] [exthost] [info] extension host started
[2020-01-09 09:20:13.786] [exthost] [info] ExtensionService#_doActivateExtension vscode.extension-editing {"startup":false,"extensionId":{"value":"vscode.extension-editing","_lower":"vscode.extension-editing"},"activationEvent":"onLanguage:markdown"}
[2020-01-09 09:20:13.786] [exthost] [info] ExtensionService#loadCommonJSModule file:///usr/share/code/resources/app/extensions/extension-editing/dist/extension
[2020-01-09 09:20:13.794] [exthost] [info] ExtensionService#_doActivateExtension vscode.markdown-language-features {"startup":false,"extensionId":{"value":"vscode.markdown-language-features","_lower":"vscode.markdown-language-features"},"activationEvent":"onLanguage:markdown"}
[2020-01-09 09:20:13.794] [exthost] [info] ExtensionService#loadCommonJSModule file:///usr/share/code/resources/app/extensions/markdown-language-features/dist/extension
[2020-01-09 09:20:13.831] [exthost] [info] ExtensionService#_doActivateExtension DavidAnson.vscode-markdownlint {"startup":false,"extensionId":{"value":"DavidAnson.vscode-markdownlint","_lower":"davidanson.vscode-markdownlint"},"activationEvent":"onLanguage:markdown"}
[2020-01-09 09:20:13.831] [exthost] [info] ExtensionService#loadCommonJSModule file:///home/m88614/.vscode/extensions/davidanson.vscode-markdownlint-0.33.0/bundle
[2020-01-09 09:20:13.877] [exthost] [info] ExtensionService#_doActivateExtension shd101wyy.markdown-preview-enhanced {"startup":false,"extensionId":{"value":"shd101wyy.markdown-preview-enhanced","_lower":"shd101wyy.markdown-preview-enhanced"},"activationEvent":"onLanguage:markdown"}
[2020-01-09 09:20:13.877] [exthost] [info] ExtensionService#loadCommonJSModule file:///home/m88614/.vscode/extensions/shd101wyy.markdown-preview-enhanced-0.5.1/out/src/extension
[2020-01-09 09:20:15.187] [exthost] [info] ExtensionService#_doActivateExtension vscode.debug-auto-launch {"startup":true,"extensionId":{"value":"vscode.debug-auto-launch","_lower":"vscode.debug-auto-launch"},"activationEvent":"*"}
[2020-01-09 09:20:15.187] [exthost] [info] ExtensionService#loadCommonJSModule file:///usr/share/code/resources/app/extensions/debug-auto-launch/dist/extension
[2020-01-09 09:20:15.188] [exthost] [info] ExtensionService#_doActivateExtension vscode.emmet {"startup":true,"extensionId":{"value":"vscode.emmet","_lower":"vscode.emmet"},"activationEvent":"*"}
[2020-01-09 09:20:15.188] [exthost] [info] ExtensionService#loadCommonJSModule file:///usr/share/code/resources/app/extensions/emmet/dist/extension
[2020-01-09 09:20:15.206] [exthost] [info] ExtensionService#_doActivateExtension vscode.git {"startup":true,"extensionId":{"value":"vscode.git","_lower":"vscode.git"},"activationEvent":"*"}
[2020-01-09 09:20:15.206] [exthost] [info] ExtensionService#loadCommonJSModule file:///usr/share/code/resources/app/extensions/git/dist/main
[2020-01-09 09:20:15.234] [exthost] [info] ExtensionService#_doActivateExtension vscode.merge-conflict {"startup":true,"extensionId":{"value":"vscode.merge-conflict","_lower":"vscode.merge-conflict"},"activationEvent":"*"}
[2020-01-09 09:20:15.234] [exthost] [info] ExtensionService#loadCommonJSModule file:///usr/share/code/resources/app/extensions/merge-conflict/dist/extension
[2020-01-09 09:20:15.235] [exthost] [info] ExtensionService#_doActivateExtension vscode.search-result {"startup":true,"extensionId":{"value":"vscode.search-result","_lower":"vscode.search-result"},"activationEvent":"*"}
[2020-01-09 09:20:15.235] [exthost] [info] ExtensionService#loadCommonJSModule file:///usr/share/code/resources/app/extensions/search-result/dist/extension.js
[2020-01-09 09:20:15.236] [exthost] [info] ExtensionService#_doActivateExtension christian-kohler.path-intellisense {"startup":true,"extensionId":{"value":"christian-kohler.path-intellisense","_lower":"christian-kohler.path-intellisense"},"activationEvent":"*"}
[2020-01-09 09:20:15.236] [exthost] [info] ExtensionService#loadCommonJSModule file:///home/m88614/.vscode/extensions/christian-kohler.path-intellisense-1.4.2/out/src/extension
[2020-01-09 09:20:15.243] [exthost] [info] ExtensionService#_doActivateExtension CoenraadS.bracket-pair-colorizer {"startup":true,"extensionId":{"value":"CoenraadS.bracket-pair-colorizer","_lower":"coenraads.bracket-pair-colorizer"},"activationEvent":"*"}
[2020-01-09 09:20:15.243] [exthost] [info] ExtensionService#loadCommonJSModule file:///home/m88614/.vscode/extensions/coenraads.bracket-pair-colorizer-1.0.61/out/src/extension
[2020-01-09 09:20:15.252] [exthost] [info] ExtensionService#_doActivateExtension eamodio.gitlens {"startup":true,"extensionId":{"value":"eamodio.gitlens","_lower":"eamodio.gitlens"},"activationEvent":"*"}
[2020-01-09 09:20:15.252] [exthost] [info] ExtensionService#loadCommonJSModule file:///home/m88614/.vscode/extensions/eamodio.gitlens-10.2.0/dist/extension
[2020-01-09 09:20:15.272] [exthost] [info] ExtensionService#_doActivateExtension vscodevim.vim {"startup":true,"extensionId":{"value":"vscodevim.vim","_lower":"vscodevim.vim"},"activationEvent":"*"}
[2020-01-09 09:20:15.272] [exthost] [info] ExtensionService#loadCommonJSModule file:///home/m88614/.vscode/extensions/vscodevim.vim-1.12.4/out/extension
[2020-01-09 09:20:15.562] [exthost] [info] ExtensionService#_doActivateExtension ms-vscode.Go {"startup":true,"extensionId":{"value":"ms-vscode.Go","_lower":"ms-vscode.go"},"activationEvent":"workspaceContains:**/*.go"}
[2020-01-09 09:20:15.562] [exthost] [info] ExtensionService#loadCommonJSModule file:///home/m88614/.vscode/extensions/ms-vscode.go-0.12.0/out/src/goMain
[2020-01-09 09:20:16.670] [exthost] [info] eager extensions activated
[2020-01-09 09:20:27.892] [exthost] [info] extension host started
[2020-01-09 09:20:28.033] [exthost] [info] ExtensionService#_doActivateExtension vscode.debug-auto-launch {"startup":true,"extensionId":{"value":"vscode.debug-auto-launch","_lower":"vscode.debug-auto-launch"},"activationEvent":"*"}
[2020-01-09 09:20:28.033] [exthost] [info] ExtensionService#loadCommonJSModule file:///usr/share/code/resources/app/extensions/debug-auto-launch/dist/extension
[2020-01-09 09:20:28.035] [exthost] [info] ExtensionService#_doActivateExtension vscode.emmet {"startup":true,"extensionId":{"value":"vscode.emmet","_lower":"vscode.emmet"},"activationEvent":"*"}
[2020-01-09 09:20:28.035] [exthost] [info] ExtensionService#loadCommonJSModule file:///usr/share/code/resources/app/extensions/emmet/dist/extension
[2020-01-09 09:20:28.047] [exthost] [info] ExtensionService#_doActivateExtension vscode.git {"startup":true,"extensionId":{"value":"vscode.git","_lower":"vscode.git"},"activationEvent":"*"}
[2020-01-09 09:20:28.047] [exthost] [info] ExtensionService#loadCommonJSModule file:///usr/share/code/resources/app/extensions/git/dist/main
[2020-01-09 09:20:28.064] [exthost] [info] ExtensionService#_doActivateExtension vscode.merge-conflict {"startup":true,"extensionId":{"value":"vscode.merge-conflict","_lower":"vscode.merge-conflict"},"activationEvent":"*"}
[2020-01-09 09:20:28.064] [exthost] [info] ExtensionService#loadCommonJSModule file:///usr/share/code/resources/app/extensions/merge-conflict/dist/extension
[2020-01-09 09:20:28.066] [exthost] [info] ExtensionService#_doActivateExtension vscode.search-result {"startup":true,"extensionId":{"value":"vscode.search-result","_lower":"vscode.search-result"},"activationEvent":"*"}
[2020-01-09 09:20:28.066] [exthost] [info] ExtensionService#loadCommonJSModule file:///usr/share/code/resources/app/extensions/search-result/dist/extension.js
[2020-01-09 09:20:28.067] [exthost] [info] ExtensionService#_doActivateExtension christian-kohler.path-intellisense {"startup":true,"extensionId":{"value":"christian-kohler.path-intellisense","_lower":"christian-kohler.path-intellisense"},"activationEvent":"*"}
[2020-01-09 09:20:28.067] [exthost] [info] ExtensionService#loadCommonJSModule file:///home/m88614/.vscode/extensions/christian-kohler.path-intellisense-1.4.2/out/src/extension
[2020-01-09 09:20:28.076] [exthost] [info] ExtensionService#_doActivateExtension CoenraadS.bracket-pair-colorizer {"startup":true,"extensionId":{"value":"CoenraadS.bracket-pair-colorizer","_lower":"coenraads.bracket-pair-colorizer"},"activationEvent":"*"}
[2020-01-09 09:20:28.076] [exthost] [info] ExtensionService#loadCommonJSModule file:///home/m88614/.vscode/extensions/coenraads.bracket-pair-colorizer-1.0.61/out/src/extension
[2020-01-09 09:20:28.089] [exthost] [info] ExtensionService#_doActivateExtension eamodio.gitlens {"startup":true,"extensionId":{"value":"eamodio.gitlens","_lower":"eamodio.gitlens"},"activationEvent":"*"}
[2020-01-09 09:20:28.089] [exthost] [info] ExtensionService#loadCommonJSModule file:///home/m88614/.vscode/extensions/eamodio.gitlens-10.2.0/dist/extension
[2020-01-09 09:20:28.137] [exthost] [info] ExtensionService#_doActivateExtension vscodevim.vim {"startup":true,"extensionId":{"value":"vscodevim.vim","_lower":"vscodevim.vim"},"activationEvent":"*"}
[2020-01-09 09:20:28.137] [exthost] [info] ExtensionService#loadCommonJSModule file:///home/m88614/.vscode/extensions/vscodevim.vim-1.12.4/out/extension
[2020-01-09 09:20:28.853] [exthost] [info] ExtensionService#_doActivateExtension ms-vscode.Go {"startup":true,"extensionId":{"value":"ms-vscode.Go","_lower":"ms-vscode.go"},"activationEvent":"workspaceContains:**/*.go"}
[2020-01-09 09:20:28.853] [exthost] [info] ExtensionService#loadCommonJSModule file:///home/m88614/.vscode/extensions/ms-vscode.go-0.12.0/out/src/goMain
[2020-01-09 09:20:29.189] [exthost] [info] eager extensions activated
[2020-01-09 09:20:31.619] [exthost] [info] ExtensionService#_doActivateExtension vscode.extension-editing {"startup":false,"extensionId":{"value":"vscode.extension-editing","_lower":"vscode.extension-editing"},"activationEvent":"onLanguage:markdown"}
[2020-01-09 09:20:31.620] [exthost] [info] ExtensionService#loadCommonJSModule file:///usr/share/code/resources/app/extensions/extension-editing/dist/extension
[2020-01-09 09:20:31.626] [exthost] [info] ExtensionService#_doActivateExtension vscode.markdown-language-features {"startup":false,"extensionId":{"value":"vscode.markdown-language-features","_lower":"vscode.markdown-language-features"},"activationEvent":"onLanguage:markdown"}
[2020-01-09 09:20:31.626] [exthost] [info] ExtensionService#loadCommonJSModule file:///usr/share/code/resources/app/extensions/markdown-language-features/dist/extension
[2020-01-09 09:20:31.684] [exthost] [info] ExtensionService#_doActivateExtension DavidAnson.vscode-markdownlint {"startup":false,"extensionId":{"value":"DavidAnson.vscode-markdownlint","_lower":"davidanson.vscode-markdownlint"},"activationEvent":"onLanguage:markdown"}
[2020-01-09 09:20:31.684] [exthost] [info] ExtensionService#loadCommonJSModule file:///home/m88614/.vscode/extensions/davidanson.vscode-markdownlint-0.33.0/bundle
[2020-01-09 09:20:31.716] [exthost] [info] ExtensionService#_doActivateExtension shd101wyy.markdown-preview-enhanced {"startup":false,"extensionId":{"value":"shd101wyy.markdown-preview-enhanced","_lower":"shd101wyy.markdown-preview-enhanced"},"activationEvent":"onLanguage:markdown"}
[2020-01-09 09:20:31.716] [exthost] [info] ExtensionService#loadCommonJSModule file:///home/m88614/.vscode/extensions/shd101wyy.markdown-preview-enhanced-0.5.1/out/src/extension
[2020-01-09 10:07:25.198] [exthost] [info] extension host started
[2020-01-09 10:07:25.241] [exthost] [info] ExtensionService#_doActivateExtension vscode.extension-editing {"startup":false,"extensionId":{"value":"vscode.extension-editing","_lower":"vscode.extension-editing"},"activationEvent":"onLanguage:markdown"}
[2020-01-09 10:07:25.241] [exthost] [info] ExtensionService#loadCommonJSModule file:///usr/share/code/resources/app/extensions/extension-editing/dist/extension
[2020-01-09 10:07:25.246] [exthost] [info] ExtensionService#_doActivateExtension vscode.markdown-language-features {"startup":false,"extensionId":{"value":"vscode.markdown-language-features","_lower":"vscode.markdown-language-features"},"activationEvent":"onLanguage:markdown"}
[2020-01-09 10:07:25.246] [exthost] [info] ExtensionService#loadCommonJSModule file:///usr/share/code/resources/app/extensions/markdown-language-features/dist/extension
[2020-01-09 10:07:25.326] [exthost] [info] ExtensionService#_doActivateExtension DavidAnson.vscode-markdownlint {"startup":false,"extensionId":{"value":"DavidAnson.vscode-markdownlint","_lower":"davidanson.vscode-markdownlint"},"activationEvent":"onLanguage:markdown"}
[2020-01-09 10:07:25.326] [exthost] [info] ExtensionService#loadCommonJSModule file:///home/m88614/.vscode/extensions/davidanson.vscode-markdownlint-0.33.0/bundle
[2020-01-09 10:07:25.348] [exthost] [info] ExtensionService#_doActivateExtension shd101wyy.markdown-preview-enhanced {"startup":false,"extensionId":{"value":"shd101wyy.markdown-preview-enhanced","_lower":"shd101wyy.markdown-preview-enhanced"},"activationEvent":"onLanguage:markdown"}
[2020-01-09 10:07:25.348] [exthost] [info] ExtensionService#loadCommonJSModule file:///home/m88614/.vscode/extensions/shd101wyy.markdown-preview-enhanced-0.5.1/out/src/extension
[2020-01-09 10:07:25.882] [exthost] [info] ExtensionService#_doActivateExtension vscode.debug-auto-launch {"startup":true,"extensionId":{"value":"vscode.debug-auto-launch","_lower":"vscode.debug-auto-launch"},"activationEvent":"*"}
[2020-01-09 10:07:25.882] [exthost] [info] ExtensionService#loadCommonJSModule file:///usr/share/code/resources/app/extensions/debug-auto-launch/dist/extension
[2020-01-09 10:07:25.884] [exthost] [info] ExtensionService#_doActivateExtension vscode.emmet {"startup":true,"extensionId":{"value":"vscode.emmet","_lower":"vscode.emmet"},"activationEvent":"*"}
[2020-01-09 10:07:25.884] [exthost] [info] ExtensionService#loadCommonJSModule file:///usr/share/code/resources/app/extensions/emmet/dist/extension
[2020-01-09 10:07:25.896] [exthost] [info] ExtensionService#_doActivateExtension vscode.git {"startup":true,"extensionId":{"value":"vscode.git","_lower":"vscode.git"},"activationEvent":"*"}
[2020-01-09 10:07:25.896] [exthost] [info] ExtensionService#loadCommonJSModule file:///usr/share/code/resources/app/extensions/git/dist/main
[2020-01-09 10:07:25.910] [exthost] [info] ExtensionService#_doActivateExtension vscode.merge-conflict {"startup":true,"extensionId":{"value":"vscode.merge-conflict","_lower":"vscode.merge-conflict"},"activationEvent":"*"}
[2020-01-09 10:07:25.910] [exthost] [info] ExtensionService#loadCommonJSModule file:///usr/share/code/resources/app/extensions/merge-conflict/dist/extension
[2020-01-09 10:07:25.912] [exthost] [info] ExtensionService#_doActivateExtension vscode.search-result {"startup":true,"extensionId":{"value":"vscode.search-result","_lower":"vscode.search-result"},"activationEvent":"*"}
[2020-01-09 10:07:25.912] [exthost] [info] ExtensionService#loadCommonJSModule file:///usr/share/code/resources/app/extensions/search-result/dist/extension.js
[2020-01-09 10:07:25.913] [exthost] [info] ExtensionService#_doActivateExtension christian-kohler.path-intellisense {"startup":true,"extensionId":{"value":"christian-kohler.path-intellisense","_lower":"christian-kohler.path-intellisense"},"activationEvent":"*"}
[2020-01-09 10:07:25.913] [exthost] [info] ExtensionService#loadCommonJSModule file:///home/m88614/.vscode/extensions/christian-kohler.path-intellisense-1.4.2/out/src/extension
[2020-01-09 10:07:25.921] [exthost] [info] ExtensionService#_doActivateExtension CoenraadS.bracket-pair-colorizer {"startup":true,"extensionId":{"value":"CoenraadS.bracket-pair-colorizer","_lower":"coenraads.bracket-pair-colorizer"},"activationEvent":"*"}
[2020-01-09 10:07:25.921] [exthost] [info] ExtensionService#loadCommonJSModule file:///home/m88614/.vscode/extensions/coenraads.bracket-pair-colorizer-1.0.61/out/src/extension
[2020-01-09 10:07:25.932] [exthost] [info] ExtensionService#_doActivateExtension eamodio.gitlens {"startup":true,"extensionId":{"value":"eamodio.gitlens","_lower":"eamodio.gitlens"},"activationEvent":"*"}
[2020-01-09 10:07:25.932] [exthost] [info] ExtensionService#loadCommonJSModule file:///home/m88614/.vscode/extensions/eamodio.gitlens-10.2.0/dist/extension
[2020-01-09 10:07:25.954] [exthost] [info] ExtensionService#_doActivateExtension vscodevim.vim {"startup":true,"extensionId":{"value":"vscodevim.vim","_lower":"vscodevim.vim"},"activationEvent":"*"}
[2020-01-09 10:07:25.954] [exthost] [info] ExtensionService#loadCommonJSModule file:///home/m88614/.vscode/extensions/vscodevim.vim-1.12.4/out/extension
[2020-01-09 10:07:26.416] [exthost] [info] ExtensionService#_doActivateExtension ms-vscode.Go {"startup":true,"extensionId":{"value":"ms-vscode.Go","_lower":"ms-vscode.go"},"activationEvent":"workspaceContains:**/*.go"}
[2020-01-09 10:07:26.416] [exthost] [info] ExtensionService#loadCommonJSModule file:///home/m88614/.vscode/extensions/ms-vscode.go-0.12.0/out/src/goMain
[2020-01-09 10:07:27.484] [exthost] [info] eager extensions activated
[2020-01-09 10:27:26.765] [exthost] [info] extension host started
[2020-01-09 10:27:26.838] [exthost] [info] ExtensionService#_doActivateExtension vscode.debug-auto-launch {"startup":true,"extensionId":{"value":"vscode.debug-auto-launch","_lower":"vscode.debug-auto-launch"},"activationEvent":"*"}
[2020-01-09 10:27:26.839] [exthost] [info] ExtensionService#loadCommonJSModule file:///usr/share/code/resources/app/extensions/debug-auto-launch/dist/extension
[2020-01-09 10:27:26.841] [exthost] [info] ExtensionService#_doActivateExtension vscode.emmet {"startup":true,"extensionId":{"value":"vscode.emmet","_lower":"vscode.emmet"},"activationEvent":"*"}
[2020-01-09 10:27:26.841] [exthost] [info] ExtensionService#loadCommonJSModule file:///usr/share/code/resources/app/extensions/emmet/dist/extension
[2020-01-09 10:27:26.853] [exthost] [info] ExtensionService#_doActivateExtension vscode.git {"startup":true,"extensionId":{"value":"vscode.git","_lower":"vscode.git"},"activationEvent":"*"}
[2020-01-09 10:27:26.853] [exthost] [info] ExtensionService#loadCommonJSModule file:///usr/share/code/resources/app/extensions/git/dist/main
[2020-01-09 10:27:26.870] [exthost] [info] ExtensionService#_doActivateExtension vscode.merge-conflict {"startup":true,"extensionId":{"value":"vscode.merge-conflict","_lower":"vscode.merge-conflict"},"activationEvent":"*"}
[2020-01-09 10:27:26.870] [exthost] [info] ExtensionService#loadCommonJSModule file:///usr/share/code/resources/app/extensions/merge-conflict/dist/extension
[2020-01-09 10:27:26.872] [exthost] [info] ExtensionService#_doActivateExtension vscode.search-result {"startup":true,"extensionId":{"value":"vscode.search-result","_lower":"vscode.search-result"},"activationEvent":"*"}
[2020-01-09 10:27:26.872] [exthost] [info] ExtensionService#loadCommonJSModule file:///usr/share/code/resources/app/extensions/search-result/dist/extension.js
[2020-01-09 10:27:26.873] [exthost] [info] ExtensionService#_doActivateExtension christian-kohler.path-intellisense {"startup":true,"extensionId":{"value":"christian-kohler.path-intellisense","_lower":"christian-kohler.path-intellisense"},"activationEvent":"*"}
[2020-01-09 10:27:26.873] [exthost] [info] ExtensionService#loadCommonJSModule file:///home/m88614/.vscode/extensions/christian-kohler.path-intellisense-1.4.2/out/src/extension
[2020-01-09 10:27:26.880] [exthost] [info] ExtensionService#_doActivateExtension CoenraadS.bracket-pair-colorizer {"startup":true,"extensionId":{"value":"CoenraadS.bracket-pair-colorizer","_lower":"coenraads.bracket-pair-colorizer"},"activationEvent":"*"}
[2020-01-09 10:27:26.880] [exthost] [info] ExtensionService#loadCommonJSModule file:///home/m88614/.vscode/extensions/coenraads.bracket-pair-colorizer-1.0.61/out/src/extension
[2020-01-09 10:27:26.899] [exthost] [info] ExtensionService#_doActivateExtension eamodio.gitlens {"startup":true,"extensionId":{"value":"eamodio.gitlens","_lower":"eamodio.gitlens"},"activationEvent":"*"}
[2020-01-09 10:27:26.899] [exthost] [info] ExtensionService#loadCommonJSModule file:///home/m88614/.vscode/extensions/eamodio.gitlens-10.2.0/dist/extension
[2020-01-09 10:27:26.926] [exthost] [info] ExtensionService#_doActivateExtension vscodevim.vim {"startup":true,"extensionId":{"value":"vscodevim.vim","_lower":"vscodevim.vim"},"activationEvent":"*"}
[2020-01-09 10:27:26.926] [exthost] [info] ExtensionService#loadCommonJSModule file:///home/m88614/.vscode/extensions/vscodevim.vim-1.12.4/out/extension
[2020-01-09 10:27:27.729] [exthost] [info] ExtensionService#_doActivateExtension ms-vscode.Go {"startup":true,"extensionId":{"value":"ms-vscode.Go","_lower":"ms-vscode.go"},"activationEvent":"workspaceContains:**/*.go"}
[2020-01-09 10:27:27.730] [exthost] [info] ExtensionService#loadCommonJSModule file:///home/m88614/.vscode/extensions/ms-vscode.go-0.12.0/out/src/goMain
[2020-01-09 10:27:28.332] [exthost] [info] eager extensions activated
[2020-01-09 12:38:31.661] [exthost] [info] ExtensionService#_doActivateExtension ms-azuretools.vscode-docker {"startup":false,"extensionId":{"value":"ms-azuretools.vscode-docker","_lower":"ms-azuretools.vscode-docker"},"activationEvent":"onLanguage:yaml"}
[2020-01-09 12:38:31.661] [exthost] [info] ExtensionService#loadCommonJSModule file:///home/m88614/.vscode/extensions/ms-azuretools.vscode-docker-0.9.0/main
[2020-01-09 13:58:40.980] [exthost] [info] extension host started
[2020-01-09 13:58:40.999] [exthost] [info] ExtensionService#_doActivateExtension vscode.debug-auto-launch {"startup":true,"extensionId":{"value":"vscode.debug-auto-launch","_lower":"vscode.debug-auto-launch"},"activationEvent":"*"}
[2020-01-09 13:58:41.000] [exthost] [info] ExtensionService#loadCommonJSModule file:///usr/share/code/resources/app/extensions/debug-auto-launch/dist/extension
[2020-01-09 13:58:41.002] [exthost] [info] ExtensionService#_doActivateExtension vscode.emmet {"startup":true,"extensionId":{"value":"vscode.emmet","_lower":"vscode.emmet"},"activationEvent":"*"}
[2020-01-09 13:58:41.002] [exthost] [info] ExtensionService#loadCommonJSModule file:///usr/share/code/resources/app/extensions/emmet/dist/extension
[2020-01-09 13:58:41.013] [exthost] [info] ExtensionService#_doActivateExtension vscode.git {"startup":true,"extensionId":{"value":"vscode.git","_lower":"vscode.git"},"activationEvent":"*"}
[2020-01-09 13:58:41.013] [exthost] [info] ExtensionService#loadCommonJSModule file:///usr/share/code/resources/app/extensions/git/dist/main
[2020-01-09 13:58:41.029] [exthost] [info] ExtensionService#_doActivateExtension vscode.merge-conflict {"startup":true,"extensionId":{"value":"vscode.merge-conflict","_lower":"vscode.merge-conflict"},"activationEvent":"*"}
[2020-01-09 13:58:41.029] [exthost] [info] ExtensionService#loadCommonJSModule file:///usr/share/code/resources/app/extensions/merge-conflict/dist/extension
[2020-01-09 13:58:41.031] [exthost] [info] ExtensionService#_doActivateExtension vscode.search-result {"startup":true,"extensionId":{"value":"vscode.search-result","_lower":"vscode.search-result"},"activationEvent":"*"}
[2020-01-09 13:58:41.031] [exthost] [info] ExtensionService#loadCommonJSModule file:///usr/share/code/resources/app/extensions/search-result/dist/extension.js
[2020-01-09 13:58:41.031] [exthost] [info] ExtensionService#_doActivateExtension christian-kohler.path-intellisense {"startup":true,"extensionId":{"value":"christian-kohler.path-intellisense","_lower":"christian-kohler.path-intellisense"},"activationEvent":"*"}
[2020-01-09 13:58:41.032] [exthost] [info] ExtensionService#loadCommonJSModule file:///home/m88614/.vscode/extensions/christian-kohler.path-intellisense-1.4.2/out/src/extension
[2020-01-09 13:58:41.039] [exthost] [info] ExtensionService#_doActivateExtension CoenraadS.bracket-pair-colorizer {"startup":true,"extensionId":{"value":"CoenraadS.bracket-pair-colorizer","_lower":"coenraads.bracket-pair-colorizer"},"activationEvent":"*"}
[2020-01-09 13:58:41.039] [exthost] [info] ExtensionService#loadCommonJSModule file:///home/m88614/.vscode/extensions/coenraads.bracket-pair-colorizer-1.0.61/out/src/extension
[2020-01-09 13:58:41.050] [exthost] [info] ExtensionService#_doActivateExtension eamodio.gitlens {"startup":true,"extensionId":{"value":"eamodio.gitlens","_lower":"eamodio.gitlens"},"activationEvent":"*"}
[2020-01-09 13:58:41.050] [exthost] [info] ExtensionService#loadCommonJSModule file:///home/m88614/.vscode/extensions/eamodio.gitlens-10.2.0/dist/extension
[2020-01-09 13:58:41.083] [exthost] [info] ExtensionService#_doActivateExtension vscodevim.vim {"startup":true,"extensionId":{"value":"vscodevim.vim","_lower":"vscodevim.vim"},"activationEvent":"*"}
[2020-01-09 13:58:41.083] [exthost] [info] ExtensionService#loadCommonJSModule file:///home/m88614/.vscode/extensions/vscodevim.vim-1.12.4/out/extension
[2020-01-09 13:58:41.636] [exthost] [info] eager extensions activated
[2020-01-09 13:58:45.935] [exthost] [info] ExtensionService#_doActivateExtension vscode.extension-editing {"startup":false,"extensionId":{"value":"vscode.extension-editing","_lower":"vscode.extension-editing"},"activationEvent":"onLanguage:markdown"}
[2020-01-09 13:58:45.935] [exthost] [info] ExtensionService#loadCommonJSModule file:///usr/share/code/resources/app/extensions/extension-editing/dist/extension
[2020-01-09 13:58:45.939] [exthost] [info] ExtensionService#_doActivateExtension vscode.markdown-language-features {"startup":false,"extensionId":{"value":"vscode.markdown-language-features","_lower":"vscode.markdown-language-features"},"activationEvent":"onLanguage:markdown"}
[2020-01-09 13:58:45.939] [exthost] [info] ExtensionService#loadCommonJSModule file:///usr/share/code/resources/app/extensions/markdown-language-features/dist/extension
[2020-01-09 13:58:45.964] [exthost] [info] ExtensionService#_doActivateExtension DavidAnson.vscode-markdownlint {"startup":false,"extensionId":{"value":"DavidAnson.vscode-markdownlint","_lower":"davidanson.vscode-markdownlint"},"activationEvent":"onLanguage:markdown"}
[2020-01-09 13:58:45.965] [exthost] [info] ExtensionService#loadCommonJSModule file:///home/m88614/.vscode/extensions/davidanson.vscode-markdownlint-0.33.0/bundle
[2020-01-09 13:58:46.007] [exthost] [info] ExtensionService#_doActivateExtension shd101wyy.markdown-preview-enhanced {"startup":false,"extensionId":{"value":"shd101wyy.markdown-preview-enhanced","_lower":"shd101wyy.markdown-preview-enhanced"},"activationEvent":"onLanguage:markdown"}
[2020-01-09 13:58:46.007] [exthost] [info] ExtensionService#loadCommonJSModule file:///home/m88614/.vscode/extensions/shd101wyy.markdown-preview-enhanced-0.5.1/out/src/extension
[2020-01-10 07:40:26.313] [exthost] [info] extension host started
[2020-01-10 07:40:26.381] [exthost] [info] ExtensionService#_doActivateExtension vscode.debug-auto-launch {"startup":true,"extensionId":{"value":"vscode.debug-auto-launch","_lower":"vscode.debug-auto-launch"},"activationEvent":"*"}
[2020-01-10 07:40:26.382] [exthost] [info] ExtensionService#loadCommonJSModule file:///usr/share/code/resources/app/extensions/debug-auto-launch/dist/extension
[2020-01-10 07:40:26.387] [exthost] [info] ExtensionService#_doActivateExtension vscode.emmet {"startup":true,"extensionId":{"value":"vscode.emmet","_lower":"vscode.emmet"},"activationEvent":"*"}
[2020-01-10 07:40:26.387] [exthost] [info] ExtensionService#loadCommonJSModule file:///usr/share/code/resources/app/extensions/emmet/dist/extension
[2020-01-10 07:40:26.407] [exthost] [info] ExtensionService#_doActivateExtension vscode.git {"startup":true,"extensionId":{"value":"vscode.git","_lower":"vscode.git"},"activationEvent":"*"}
[2020-01-10 07:40:26.407] [exthost] [info] ExtensionService#loadCommonJSModule file:///usr/share/code/resources/app/extensions/git/dist/main
[2020-01-10 07:40:26.435] [exthost] [info] ExtensionService#_doActivateExtension vscode.merge-conflict {"startup":true,"extensionId":{"value":"vscode.merge-conflict","_lower":"vscode.merge-conflict"},"activationEvent":"*"}
[2020-01-10 07:40:26.435] [exthost] [info] ExtensionService#loadCommonJSModule file:///usr/share/code/resources/app/extensions/merge-conflict/dist/extension
[2020-01-10 07:40:26.438] [exthost] [info] ExtensionService#_doActivateExtension vscode.search-result {"startup":true,"extensionId":{"value":"vscode.search-result","_lower":"vscode.search-result"},"activationEvent":"*"}
[2020-01-10 07:40:26.438] [exthost] [info] ExtensionService#loadCommonJSModule file:///usr/share/code/resources/app/extensions/search-result/dist/extension.js
[2020-01-10 07:40:26.439] [exthost] [info] ExtensionService#_doActivateExtension christian-kohler.path-intellisense {"startup":true,"extensionId":{"value":"christian-kohler.path-intellisense","_lower":"christian-kohler.path-intellisense"},"activationEvent":"*"}
[2020-01-10 07:40:26.440] [exthost] [info] ExtensionService#loadCommonJSModule file:///home/m88614/.vscode/extensions/christian-kohler.path-intellisense-1.4.2/out/src/extension
[2020-01-10 07:40:26.463] [exthost] [info] ExtensionService#_doActivateExtension CoenraadS.bracket-pair-colorizer {"startup":true,"extensionId":{"value":"CoenraadS.bracket-pair-colorizer","_lower":"coenraads.bracket-pair-colorizer"},"activationEvent":"*"}
[2020-01-10 07:40:26.465] [exthost] [info] ExtensionService#loadCommonJSModule file:///home/m88614/.vscode/extensions/coenraads.bracket-pair-colorizer-1.0.61/out/src/extension
[2020-01-10 07:40:26.488] [exthost] [info] ExtensionService#_doActivateExtension eamodio.gitlens {"startup":true,"extensionId":{"value":"eamodio.gitlens","_lower":"eamodio.gitlens"},"activationEvent":"*"}
[2020-01-10 07:40:26.488] [exthost] [info] ExtensionService#loadCommonJSModule file:///home/m88614/.vscode/extensions/eamodio.gitlens-10.2.0/dist/extension
[2020-01-10 07:40:26.579] [exthost] [info] ExtensionService#_doActivateExtension vscodevim.vim {"startup":true,"extensionId":{"value":"vscodevim.vim","_lower":"vscodevim.vim"},"activationEvent":"*"}
[2020-01-10 07:40:26.579] [exthost] [info] ExtensionService#loadCommonJSModule file:///home/m88614/.vscode/extensions/vscodevim.vim-1.12.4/out/extension
[2020-01-10 07:40:27.064] [exthost] [info] ExtensionService#_doActivateExtension ms-azuretools.vscode-docker {"startup":false,"extensionId":{"value":"ms-azuretools.vscode-docker","_lower":"ms-azuretools.vscode-docker"},"activationEvent":"onLanguage:yaml"}
[2020-01-10 07:40:27.064] [exthost] [info] ExtensionService#loadCommonJSModule file:///home/m88614/.vscode/extensions/ms-azuretools.vscode-docker-0.9.0/main
[2020-01-10 07:40:27.888] [exthost] [info] ExtensionService#_doActivateExtension ms-vscode.Go {"startup":true,"extensionId":{"value":"ms-vscode.Go","_lower":"ms-vscode.go"},"activationEvent":"workspaceContains:**/*.go"}
[2020-01-10 07:40:27.888] [exthost] [info] ExtensionService#loadCommonJSModule file:///home/m88614/.vscode/extensions/ms-vscode.go-0.12.0/out/src/goMain
[2020-01-10 07:40:28.366] [exthost] [info] eager extensions activated
[2020-01-10 07:41:57.797] [exthost] [info] ExtensionService#_doActivateExtension vscode.configuration-editing {"startup":false,"extensionId":{"value":"vscode.configuration-editing","_lower":"vscode.configuration-editing"},"activationEvent":"onLanguage:jsonc"}
[2020-01-10 07:41:57.797] [exthost] [info] ExtensionService#loadCommonJSModule file:///usr/share/code/resources/app/extensions/configuration-editing/dist/extension
[2020-01-10 07:41:57.807] [exthost] [info] ExtensionService#_doActivateExtension vscode.json-language-features {"startup":false,"extensionId":{"value":"vscode.json-language-features","_lower":"vscode.json-language-features"},"activationEvent":"onLanguage:jsonc"}
[2020-01-10 07:41:57.808] [exthost] [info] ExtensionService#loadCommonJSModule file:///usr/share/code/resources/app/extensions/json-language-features/client/dist/jsonMain
[2020-01-10 07:41:57.838] [exthost] [info] ExtensionService#_doActivateExtension vscode.typescript-language-features {"startup":false,"extensionId":{"value":"vscode.typescript-language-features","_lower":"vscode.typescript-language-features"},"activationEvent":"onLanguage:jsonc"}
[2020-01-10 07:41:57.838] [exthost] [info] ExtensionService#loadCommonJSModule file:///usr/share/code/resources/app/extensions/typescript-language-features/dist/extension
