[2020-02-07 12:16:39.990] [exthost] [info] extension host started
[2020-02-07 12:16:40.015] [exthost] [info] ExtensionService#_doActivateExtension vscode.debug-auto-launch {"startup":true,"extensionId":{"value":"vscode.debug-auto-launch","_lower":"vscode.debug-auto-launch"},"activationEvent":"*"}
[2020-02-07 12:16:40.015] [exthost] [info] ExtensionService#loadCommonJSModule file:///usr/share/code/resources/app/extensions/debug-auto-launch/dist/extension
[2020-02-07 12:16:40.017] [exthost] [info] ExtensionService#_doActivateExtension vscode.emmet {"startup":true,"extensionId":{"value":"vscode.emmet","_lower":"vscode.emmet"},"activationEvent":"*"}
[2020-02-07 12:16:40.017] [exthost] [info] ExtensionService#loadCommonJSModule file:///usr/share/code/resources/app/extensions/emmet/dist/extension
[2020-02-07 12:16:40.032] [exthost] [info] ExtensionService#_doActivateExtension vscode.git {"startup":true,"extensionId":{"value":"vscode.git","_lower":"vscode.git"},"activationEvent":"*"}
[2020-02-07 12:16:40.032] [exthost] [info] ExtensionService#loadCommonJSModule file:///usr/share/code/resources/app/extensions/git/dist/main
[2020-02-07 12:16:40.046] [exthost] [info] ExtensionService#_doActivateExtension vscode.merge-conflict {"startup":true,"extensionId":{"value":"vscode.merge-conflict","_lower":"vscode.merge-conflict"},"activationEvent":"*"}
[2020-02-07 12:16:40.046] [exthost] [info] ExtensionService#loadCommonJSModule file:///usr/share/code/resources/app/extensions/merge-conflict/dist/extension
[2020-02-07 12:16:40.048] [exthost] [info] ExtensionService#_doActivateExtension vscode.search-result {"startup":true,"extensionId":{"value":"vscode.search-result","_lower":"vscode.search-result"},"activationEvent":"*"}
[2020-02-07 12:16:40.048] [exthost] [info] ExtensionService#loadCommonJSModule file:///usr/share/code/resources/app/extensions/search-result/dist/extension.js
[2020-02-07 12:16:40.048] [exthost] [info] ExtensionService#_doActivateExtension christian-kohler.path-intellisense {"startup":true,"extensionId":{"value":"christian-kohler.path-intellisense","_lower":"christian-kohler.path-intellisense"},"activationEvent":"*"}
[2020-02-07 12:16:40.048] [exthost] [info] ExtensionService#loadCommonJSModule file:///home/m88614/.vscode/extensions/christian-kohler.path-intellisense-1.4.2/out/src/extension
[2020-02-07 12:16:40.055] [exthost] [info] ExtensionService#_doActivateExtension CoenraadS.bracket-pair-colorizer {"startup":true,"extensionId":{"value":"CoenraadS.bracket-pair-colorizer","_lower":"coenraads.bracket-pair-colorizer"},"activationEvent":"*"}
[2020-02-07 12:16:40.055] [exthost] [info] ExtensionService#loadCommonJSModule file:///home/m88614/.vscode/extensions/coenraads.bracket-pair-colorizer-1.0.61/out/src/extension
[2020-02-07 12:16:40.064] [exthost] [info] ExtensionService#_doActivateExtension eamodio.gitlens {"startup":true,"extensionId":{"value":"eamodio.gitlens","_lower":"eamodio.gitlens"},"activationEvent":"*"}
[2020-02-07 12:16:40.064] [exthost] [info] ExtensionService#loadCommonJSModule file:///home/m88614/.vscode/extensions/eamodio.gitlens-10.2.0/dist/extension
[2020-02-07 12:16:40.083] [exthost] [info] ExtensionService#_doActivateExtension vscodevim.vim {"startup":true,"extensionId":{"value":"vscodevim.vim","_lower":"vscodevim.vim"},"activationEvent":"*"}
[2020-02-07 12:16:40.083] [exthost] [info] ExtensionService#loadCommonJSModule file:///home/m88614/.vscode/extensions/vscodevim.vim-1.12.4/out/extension
[2020-02-07 12:16:40.345] [exthost] [info] eager extensions activated
[2020-02-07 12:17:38.457] [exthost] [info] extension host started
[2020-02-07 12:17:38.507] [exthost] [info] ExtensionService#_doActivateExtension vscode.debug-auto-launch {"startup":true,"extensionId":{"value":"vscode.debug-auto-launch","_lower":"vscode.debug-auto-launch"},"activationEvent":"*"}
[2020-02-07 12:17:38.507] [exthost] [info] ExtensionService#loadCommonJSModule file:///usr/share/code/resources/app/extensions/debug-auto-launch/dist/extension
[2020-02-07 12:17:38.509] [exthost] [info] ExtensionService#_doActivateExtension vscode.emmet {"startup":true,"extensionId":{"value":"vscode.emmet","_lower":"vscode.emmet"},"activationEvent":"*"}
[2020-02-07 12:17:38.509] [exthost] [info] ExtensionService#loadCommonJSModule file:///usr/share/code/resources/app/extensions/emmet/dist/extension
[2020-02-07 12:17:38.519] [exthost] [info] ExtensionService#_doActivateExtension vscode.git {"startup":true,"extensionId":{"value":"vscode.git","_lower":"vscode.git"},"activationEvent":"*"}
[2020-02-07 12:17:38.519] [exthost] [info] ExtensionService#loadCommonJSModule file:///usr/share/code/resources/app/extensions/git/dist/main
[2020-02-07 12:17:38.533] [exthost] [info] ExtensionService#_doActivateExtension vscode.merge-conflict {"startup":true,"extensionId":{"value":"vscode.merge-conflict","_lower":"vscode.merge-conflict"},"activationEvent":"*"}
[2020-02-07 12:17:38.533] [exthost] [info] ExtensionService#loadCommonJSModule file:///usr/share/code/resources/app/extensions/merge-conflict/dist/extension
[2020-02-07 12:17:38.534] [exthost] [info] ExtensionService#_doActivateExtension vscode.search-result {"startup":true,"extensionId":{"value":"vscode.search-result","_lower":"vscode.search-result"},"activationEvent":"*"}
[2020-02-07 12:17:38.534] [exthost] [info] ExtensionService#loadCommonJSModule file:///usr/share/code/resources/app/extensions/search-result/dist/extension.js
[2020-02-07 12:17:38.535] [exthost] [info] ExtensionService#_doActivateExtension christian-kohler.path-intellisense {"startup":true,"extensionId":{"value":"christian-kohler.path-intellisense","_lower":"christian-kohler.path-intellisense"},"activationEvent":"*"}
[2020-02-07 12:17:38.535] [exthost] [info] ExtensionService#loadCommonJSModule file:///home/m88614/.vscode/extensions/christian-kohler.path-intellisense-1.4.2/out/src/extension
[2020-02-07 12:17:38.541] [exthost] [info] ExtensionService#_doActivateExtension CoenraadS.bracket-pair-colorizer {"startup":true,"extensionId":{"value":"CoenraadS.bracket-pair-colorizer","_lower":"coenraads.bracket-pair-colorizer"},"activationEvent":"*"}
[2020-02-07 12:17:38.541] [exthost] [info] ExtensionService#loadCommonJSModule file:///home/m88614/.vscode/extensions/coenraads.bracket-pair-colorizer-1.0.61/out/src/extension
[2020-02-07 12:17:38.550] [exthost] [info] ExtensionService#_doActivateExtension eamodio.gitlens {"startup":true,"extensionId":{"value":"eamodio.gitlens","_lower":"eamodio.gitlens"},"activationEvent":"*"}
[2020-02-07 12:17:38.550] [exthost] [info] ExtensionService#loadCommonJSModule file:///home/m88614/.vscode/extensions/eamodio.gitlens-10.2.0/dist/extension
[2020-02-07 12:17:38.568] [exthost] [info] ExtensionService#_doActivateExtension vscodevim.vim {"startup":true,"extensionId":{"value":"vscodevim.vim","_lower":"vscodevim.vim"},"activationEvent":"*"}
[2020-02-07 12:17:38.568] [exthost] [info] ExtensionService#loadCommonJSModule file:///home/m88614/.vscode/extensions/vscodevim.vim-1.12.4/out/extension
[2020-02-07 12:17:39.091] [exthost] [info] ExtensionService#_doActivateExtension ms-vscode.Go {"startup":true,"extensionId":{"value":"ms-vscode.Go","_lower":"ms-vscode.go"},"activationEvent":"workspaceContains:**/*.go"}
[2020-02-07 12:17:39.091] [exthost] [info] ExtensionService#loadCommonJSModule file:///home/m88614/.vscode/extensions/ms-vscode.go-0.13.0/out/src/goMain
[2020-02-07 12:17:39.408] [exthost] [info] eager extensions activated
[2020-02-07 12:18:19.873] [exthost] [info] ExtensionService#_doActivateExtension vscode.extension-editing {"startup":false,"extensionId":{"value":"vscode.extension-editing","_lower":"vscode.extension-editing"},"activationEvent":"onLanguage:markdown"}
[2020-02-07 12:18:19.873] [exthost] [info] ExtensionService#loadCommonJSModule file:///usr/share/code/resources/app/extensions/extension-editing/dist/extension
[2020-02-07 12:18:19.878] [exthost] [info] ExtensionService#_doActivateExtension vscode.markdown-language-features {"startup":false,"extensionId":{"value":"vscode.markdown-language-features","_lower":"vscode.markdown-language-features"},"activationEvent":"onLanguage:markdown"}
[2020-02-07 12:18:19.878] [exthost] [info] ExtensionService#loadCommonJSModule file:///usr/share/code/resources/app/extensions/markdown-language-features/dist/extension
[2020-02-07 12:18:19.906] [exthost] [info] ExtensionService#_doActivateExtension DavidAnson.vscode-markdownlint {"startup":false,"extensionId":{"value":"DavidAnson.vscode-markdownlint","_lower":"davidanson.vscode-markdownlint"},"activationEvent":"onLanguage:markdown"}
[2020-02-07 12:18:19.906] [exthost] [info] ExtensionService#loadCommonJSModule file:///home/m88614/.vscode/extensions/davidanson.vscode-markdownlint-0.34.0/bundle
[2020-02-07 12:18:19.951] [exthost] [info] ExtensionService#_doActivateExtension shd101wyy.markdown-preview-enhanced {"startup":false,"extensionId":{"value":"shd101wyy.markdown-preview-enhanced","_lower":"shd101wyy.markdown-preview-enhanced"},"activationEvent":"onLanguage:markdown"}
[2020-02-07 12:18:19.951] [exthost] [info] ExtensionService#loadCommonJSModule file:///home/m88614/.vscode/extensions/shd101wyy.markdown-preview-enhanced-0.5.2/out/src/extension
