Looking for git in: git
Using git 2.7.4 from git
> git rev-parse --show-toplevel
fatal: Not a git repository (or any of the parent directories): .git
> git rev-parse --show-toplevel
fatal: Not a git repository (or any of the parent directories): .git
> git rev-parse --show-toplevel
> git rev-parse --git-dir
Open repository: /home/m88614/IdeaProjects/Minerva/minerva
> git fetch
> git status -z -u
> git symbolic-ref --short HEAD
> git rev-parse feature-sekundaer-stack
> git rev-parse --symbolic-full-name feature-sekundaer-stack@{u}
> git rev-list --left-right feature-sekundaer-stack...refs/remotes/origin/feature-sekundaer-stack
> git for-each-ref --format %(refname) %(objectname) --sort -committerdate
> git remote --verbose
> git config --get commit.template
> git rev-parse --show-toplevel
> git rev-parse --git-dir
Open repository: /home/m88614/IdeaProjects/Minerva/minerva-config
> git fetch
> git status -z -u
> git symbolic-ref --short HEAD
> git rev-parse develop
> git rev-parse --symbolic-full-name develop@{u}
> git rev-list --left-right develop...refs/remotes/origin/develop
> git for-each-ref --format %(refname) %(objectname) --sort -committerdate
> git remote --verbose
> git config --get commit.template
> git rev-parse --show-toplevel
> git rev-parse --show-toplevel
> git rev-parse --show-toplevel
> git check-ignore -v -z --stdin
> git check-ignore -v -z --stdin
> git status -z -u
> git symbolic-ref --short HEAD
> git rev-parse feature-sekundaer-stack
> git rev-parse --symbolic-full-name feature-sekundaer-stack@{u}
> git rev-list --left-right feature-sekundaer-stack...refs/remotes/origin/feature-sekundaer-stack
> git for-each-ref --format %(refname) %(objectname) --sort -committerdate
> git remote --verbose
> git config --get commit.template
> git status -z -u
> git symbolic-ref --short HEAD
> git rev-parse develop
> git rev-parse --symbolic-full-name develop@{u}
> git rev-list --left-right develop...refs/remotes/origin/develop
> git for-each-ref --format %(refname) %(objectname) --sort -committerdate
> git remote --verbose
> git config --get commit.template
> git rev-parse --show-toplevel
> git rev-parse --show-toplevel
> git check-ignore -v -z --stdin
> git check-ignore -v -z --stdin
> git check-ignore -v -z --stdin
> git show :docker/.gitattributes
> git check-ignore -v -z --stdin
> git show :docker/provisioner/docker-compose.yml
> git status -z -u
> git symbolic-ref --short HEAD
> git rev-parse feature-sekundaer-stack
> git rev-parse --symbolic-full-name feature-sekundaer-stack@{u}
> git rev-list --left-right feature-sekundaer-stack...refs/remotes/origin/feature-sekundaer-stack
> git for-each-ref --format %(refname) %(objectname) --sort -committerdate
> git remote --verbose
> git config --get commit.template
> git rev-parse --show-toplevel
> git rev-parse --show-toplevel
> git status -z -u
> git symbolic-ref --short HEAD
> git rev-parse feature-sekundaer-stack
> git rev-parse --symbolic-full-name feature-sekundaer-stack@{u}
> git rev-list --left-right feature-sekundaer-stack...refs/remotes/origin/feature-sekundaer-stack
> git for-each-ref --format %(refname) %(objectname) --sort -committerdate
> git remote --verbose
> git config --get commit.template
> git rev-parse --show-toplevel
> git rev-parse --show-toplevel
> git show :docker/provisioner/docker-compose.yml
> git status -z -u
> git symbolic-ref --short HEAD
> git rev-parse feature-sekundaer-stack
> git rev-parse --symbolic-full-name feature-sekundaer-stack@{u}
> git rev-list --left-right feature-sekundaer-stack...refs/remotes/origin/feature-sekundaer-stack
> git for-each-ref --format %(refname) %(objectname) --sort -committerdate
> git remote --verbose
> git config --get commit.template
> git rev-parse --show-toplevel
> git rev-parse --show-toplevel
> git status -z -u
> git symbolic-ref --short HEAD
> git rev-parse feature-sekundaer-stack
> git rev-parse --symbolic-full-name feature-sekundaer-stack@{u}
> git rev-list --left-right feature-sekundaer-stack...refs/remotes/origin/feature-sekundaer-stack
> git for-each-ref --format %(refname) %(objectname) --sort -committerdate
> git remote --verbose
> git config --get commit.template
> git rev-parse --show-toplevel
> git rev-parse --show-toplevel
> git show :docker/provisioner/docker-compose.yml
> git status -z -u
> git symbolic-ref --short HEAD
> git rev-parse feature-sekundaer-stack
> git rev-parse --symbolic-full-name feature-sekundaer-stack@{u}
> git rev-list --left-right feature-sekundaer-stack...refs/remotes/origin/feature-sekundaer-stack
> git for-each-ref --format %(refname) %(objectname) --sort -committerdate
> git remote --verbose
> git config --get commit.template
> git rev-parse --show-toplevel
> git rev-parse --show-toplevel
> git show :docker/provisioner/docker-compose.yml
> git status -z -u
> git symbolic-ref --short HEAD
> git rev-parse feature-sekundaer-stack
> git rev-parse --symbolic-full-name feature-sekundaer-stack@{u}
> git rev-list --left-right feature-sekundaer-stack...refs/remotes/origin/feature-sekundaer-stack
> git for-each-ref --format %(refname) %(objectname) --sort -committerdate
> git remote --verbose
> git config --get commit.template
> git rev-parse --show-toplevel
> git rev-parse --show-toplevel
> git pull --tags origin feature-sekundaer-stack
> git pull --tags origin develop
> git show :docker/provisioner/docker-compose.yml
From https://github.com/Skatteetaten/minerva
 * branch            feature-sekundaer-stack -> FETCH_HEAD
 - [tag update]      base-server/v0.2.11 -> base-server/v0.2.11
> git status -z -u
> git symbolic-ref --short HEAD
> git rev-parse feature-sekundaer-stack
> git rev-parse --symbolic-full-name feature-sekundaer-stack@{u}
> git rev-list --left-right feature-sekundaer-stack...refs/remotes/origin/feature-sekundaer-stack
> git for-each-ref --format %(refname) %(objectname) --sort -committerdate
> git remote --verbose
> git config --get commit.template
> git rev-parse --show-toplevel
> git rev-parse --show-toplevel
> git show :docker/provisioner/docker-compose.yml
> git status -z -u
> git symbolic-ref --short HEAD
> git rev-parse feature-sekundaer-stack
> git rev-parse --symbolic-full-name feature-sekundaer-stack@{u}
> git rev-list --left-right feature-sekundaer-stack...refs/remotes/origin/feature-sekundaer-stack
> git for-each-ref --format %(refname) %(objectname) --sort -committerdate
> git remote --verbose
> git config --get commit.template
> git rev-parse --show-toplevel
> git rev-parse --show-toplevel
From https://github.com/Skatteetaten/minerva-config
 * branch            develop    -> FETCH_HEAD
 * [new tag]         base-linux-v0.2.3 -> base-linux-v0.2.3
 * [new tag]         base-linux/v0.2.3 -> base-linux/v0.2.3
 * [new tag]         base-linux/v0.2.4 -> base-linux/v0.2.4
 * [new tag]         base-linux/v0.2.5 -> base-linux/v0.2.5
 * [new tag]         base-server-v0.2.8 -> base-server-v0.2.8
 * [new tag]         base-server/v0.2.10 -> base-server/v0.2.10
 * [new tag]         base-server/v0.2.11 -> base-server/v0.2.11
 * [new tag]         base-server/v0.2.12 -> base-server/v0.2.12
 * [new tag]         base-server/v0.2.13 -> base-server/v0.2.13
 * [new tag]         base-server/v0.2.8 -> base-server/v0.2.8
 * [new tag]         base-server/v0.2.9 -> base-server/v0.2.9
 * [new tag]         config-v0.2.2 -> config-v0.2.2
 * [new tag]         config/v0.2.2 -> config/v0.2.2
 * [new tag]         server-packer-v0.4.0 -> server-packer-v0.4.0
 * [new tag]         server-packer/v0.4.0 -> server-packer/v0.4.0
 * [new tag]         ssh-strengthening/v0.1.0 -> ssh-strengthening/v0.1.0
 * [new tag]         ssh-strengthening/v0.2.13 -> ssh-strengthening/v0.2.13
 * [new tag]         v0.2.2     -> v0.2.2
 * [new tag]         v0.2.3     -> v0.2.3
> git status -z -u
> git symbolic-ref --short HEAD
> git rev-parse develop
> git rev-parse --symbolic-full-name develop@{u}
> git rev-list --left-right develop...refs/remotes/origin/develop
> git for-each-ref --format %(refname) %(objectname) --sort -committerdate
> git remote --verbose
> git config --get commit.template
> git status -z -u
> git symbolic-ref --short HEAD
> git rev-parse develop
> git rev-parse --symbolic-full-name develop@{u}
> git rev-list --left-right develop...refs/remotes/origin/develop
> git for-each-ref --format %(refname) %(objectname) --sort -committerdate
> git remote --verbose
> git config --get commit.template
> git fetch
> git fetch
> git status -z -u
> git symbolic-ref --short HEAD
> git rev-parse feature-sekundaer-stack
> git rev-parse --symbolic-full-name feature-sekundaer-stack@{u}
> git rev-list --left-right feature-sekundaer-stack...refs/remotes/origin/feature-sekundaer-stack
> git for-each-ref --format %(refname) %(objectname) --sort -committerdate
> git remote --verbose
> git config --get commit.template
> git status -z -u
> git symbolic-ref --short HEAD
> git rev-parse develop
> git rev-parse --symbolic-full-name develop@{u}
> git rev-list --left-right develop...refs/remotes/origin/develop
> git for-each-ref --format %(refname) %(objectname) --sort -committerdate
> git remote --verbose
> git config --get commit.template
> git rev-parse --show-toplevel
> git rev-parse --show-toplevel
> git show :docker/provisioner/docker-compose.yml
> git status -z -u
> git symbolic-ref --short HEAD
> git rev-parse feature-sekundaer-stack
> git rev-parse --symbolic-full-name feature-sekundaer-stack@{u}
> git rev-list --left-right feature-sekundaer-stack...refs/remotes/origin/feature-sekundaer-stack
> git for-each-ref --format %(refname) %(objectname) --sort -committerdate
> git remote --verbose
> git config --get commit.template
> git rev-parse --show-toplevel
> git rev-parse --show-toplevel
> git fetch
> git fetch
> git status -z -u
> git symbolic-ref --short HEAD
> git rev-parse feature-sekundaer-stack
> git rev-parse --symbolic-full-name feature-sekundaer-stack@{u}
> git rev-list --left-right feature-sekundaer-stack...refs/remotes/origin/feature-sekundaer-stack
> git for-each-ref --format %(refname) %(objectname) --sort -committerdate
> git remote --verbose
> git config --get commit.template
> git status -z -u
> git symbolic-ref --short HEAD
> git rev-parse develop
> git rev-parse --symbolic-full-name develop@{u}
> git rev-list --left-right develop...refs/remotes/origin/develop
> git for-each-ref --format %(refname) %(objectname) --sort -committerdate
> git remote --verbose
> git config --get commit.template
> git rev-parse --show-toplevel
> git rev-parse --show-toplevel
> git show :docker/provisioner/docker-compose.yml
> git status -z -u
> git symbolic-ref --short HEAD
> git rev-parse feature-sekundaer-stack
> git rev-parse --symbolic-full-name feature-sekundaer-stack@{u}
> git rev-list --left-right feature-sekundaer-stack...refs/remotes/origin/feature-sekundaer-stack
> git for-each-ref --format %(refname) %(objectname) --sort -committerdate
> git remote --verbose
> git config --get commit.template
> git rev-parse --show-toplevel
> git rev-parse --show-toplevel
> git fetch
> git fetch
> git status -z -u
> git symbolic-ref --short HEAD
> git rev-parse feature-sekundaer-stack
> git rev-parse --symbolic-full-name feature-sekundaer-stack@{u}
> git rev-list --left-right feature-sekundaer-stack...refs/remotes/origin/feature-sekundaer-stack
> git for-each-ref --format %(refname) %(objectname) --sort -committerdate
> git remote --verbose
> git config --get commit.template
> git status -z -u
> git symbolic-ref --short HEAD
> git rev-parse develop
> git rev-parse --symbolic-full-name develop@{u}
> git rev-list --left-right develop...refs/remotes/origin/develop
> git for-each-ref --format %(refname) %(objectname) --sort -committerdate
> git remote --verbose
> git config --get commit.template
> git rev-parse --show-toplevel
> git rev-parse --show-toplevel
> git show :docker/provisioner/docker-compose.yml
> git status -z -u
> git symbolic-ref --short HEAD
> git rev-parse feature-sekundaer-stack
> git rev-parse --symbolic-full-name feature-sekundaer-stack@{u}
> git rev-list --left-right feature-sekundaer-stack...refs/remotes/origin/feature-sekundaer-stack
> git for-each-ref --format %(refname) %(objectname) --sort -committerdate
> git remote --verbose
> git config --get commit.template
> git rev-parse --show-toplevel
> git rev-parse --show-toplevel
> git fetch
> git fetch
> git status -z -u
> git symbolic-ref --short HEAD
> git rev-parse feature-sekundaer-stack
> git rev-parse --symbolic-full-name feature-sekundaer-stack@{u}
> git rev-list --left-right feature-sekundaer-stack...refs/remotes/origin/feature-sekundaer-stack
> git for-each-ref --format %(refname) %(objectname) --sort -committerdate
> git remote --verbose
> git config --get commit.template
> git status -z -u
> git symbolic-ref --short HEAD
> git rev-parse develop
> git rev-parse --symbolic-full-name develop@{u}
> git rev-list --left-right develop...refs/remotes/origin/develop
> git for-each-ref --format %(refname) %(objectname) --sort -committerdate
> git remote --verbose
> git config --get commit.template
> git rev-parse --show-toplevel
> git rev-parse --show-toplevel
> git show :docker/provisioner/docker-compose.yml
> git status -z -u
> git symbolic-ref --short HEAD
> git rev-parse feature-sekundaer-stack
> git rev-parse --symbolic-full-name feature-sekundaer-stack@{u}
> git rev-list --left-right feature-sekundaer-stack...refs/remotes/origin/feature-sekundaer-stack
> git for-each-ref --format %(refname) %(objectname) --sort -committerdate
> git remote --verbose
> git config --get commit.template
> git rev-parse --show-toplevel
> git rev-parse --show-toplevel
> git fetch
> git fetch
> git status -z -u
> git symbolic-ref --short HEAD
> git rev-parse feature-sekundaer-stack
> git rev-parse --symbolic-full-name feature-sekundaer-stack@{u}
> git rev-list --left-right feature-sekundaer-stack...refs/remotes/origin/feature-sekundaer-stack
> git for-each-ref --format %(refname) %(objectname) --sort -committerdate
> git remote --verbose
> git config --get commit.template
> git status -z -u
> git symbolic-ref --short HEAD
> git rev-parse develop
> git rev-parse --symbolic-full-name develop@{u}
> git rev-list --left-right develop...refs/remotes/origin/develop
> git for-each-ref --format %(refname) %(objectname) --sort -committerdate
> git remote --verbose
> git config --get commit.template
> git rev-parse --show-toplevel
> git rev-parse --show-toplevel
> git show :docker/provisioner/docker-compose.yml
> git status -z -u
> git symbolic-ref --short HEAD
> git rev-parse feature-sekundaer-stack
> git rev-parse --symbolic-full-name feature-sekundaer-stack@{u}
> git rev-list --left-right feature-sekundaer-stack...refs/remotes/origin/feature-sekundaer-stack
> git for-each-ref --format %(refname) %(objectname) --sort -committerdate
> git remote --verbose
> git config --get commit.template
> git rev-parse --show-toplevel
> git rev-parse --show-toplevel
> git fetch
> git fetch
> git status -z -u
> git symbolic-ref --short HEAD
> git rev-parse feature-sekundaer-stack
> git rev-parse --symbolic-full-name feature-sekundaer-stack@{u}
> git rev-list --left-right feature-sekundaer-stack...refs/remotes/origin/feature-sekundaer-stack
> git for-each-ref --format %(refname) %(objectname) --sort -committerdate
> git remote --verbose
> git config --get commit.template
> git status -z -u
> git symbolic-ref --short HEAD
> git rev-parse develop
> git rev-parse --symbolic-full-name develop@{u}
> git rev-list --left-right develop...refs/remotes/origin/develop
> git for-each-ref --format %(refname) %(objectname) --sort -committerdate
> git remote --verbose
> git config --get commit.template
> git rev-parse --show-toplevel
> git rev-parse --show-toplevel
> git show :docker/provisioner/docker-compose.yml
> git status -z -u
> git symbolic-ref --short HEAD
> git rev-parse feature-sekundaer-stack
> git rev-parse --symbolic-full-name feature-sekundaer-stack@{u}
> git rev-list --left-right feature-sekundaer-stack...refs/remotes/origin/feature-sekundaer-stack
> git for-each-ref --format %(refname) %(objectname) --sort -committerdate
> git remote --verbose
> git config --get commit.template
> git rev-parse --show-toplevel
> git rev-parse --show-toplevel
> git fetch
> git fetch
> git status -z -u
> git symbolic-ref --short HEAD
> git rev-parse develop
> git rev-parse --symbolic-full-name develop@{u}
> git rev-list --left-right develop...refs/remotes/origin/develop
> git for-each-ref --format %(refname) %(objectname) --sort -committerdate
> git remote --verbose
> git config --get commit.template
From https://github.com/Skatteetaten/minerva
   a35933b..6619f97  feature/computed_output_directory -> origin/feature/computed_output_directory
> git status -z -u
> git symbolic-ref --short HEAD
> git rev-parse feature-sekundaer-stack
> git rev-parse --symbolic-full-name feature-sekundaer-stack@{u}
> git rev-list --left-right feature-sekundaer-stack...refs/remotes/origin/feature-sekundaer-stack
> git for-each-ref --format %(refname) %(objectname) --sort -committerdate
> git remote --verbose
> git config --get commit.template
> git rev-parse --show-toplevel
> git rev-parse --show-toplevel
> git show :docker/provisioner/docker-compose.yml
> git status -z -u
> git symbolic-ref --short HEAD
> git rev-parse feature-sekundaer-stack
> git rev-parse --symbolic-full-name feature-sekundaer-stack@{u}
> git rev-list --left-right feature-sekundaer-stack...refs/remotes/origin/feature-sekundaer-stack
> git for-each-ref --format %(refname) %(objectname) --sort -committerdate
> git remote --verbose
> git config --get commit.template
> git rev-parse --show-toplevel
> git rev-parse --show-toplevel
> git fetch
> git fetch
> git status -z -u
> git symbolic-ref --short HEAD
> git rev-parse develop
> git rev-parse --symbolic-full-name develop@{u}
> git rev-list --left-right develop...refs/remotes/origin/develop
> git for-each-ref --format %(refname) %(objectname) --sort -committerdate
> git remote --verbose
> git config --get commit.template
> git status -z -u
> git symbolic-ref --short HEAD
> git rev-parse feature-sekundaer-stack
> git rev-parse --symbolic-full-name feature-sekundaer-stack@{u}
> git rev-list --left-right feature-sekundaer-stack...refs/remotes/origin/feature-sekundaer-stack
> git for-each-ref --format %(refname) %(objectname) --sort -committerdate
> git remote --verbose
> git config --get commit.template
> git rev-parse --show-toplevel
> git rev-parse --show-toplevel
> git show :docker/provisioner/docker-compose.yml
> git status -z -u
> git symbolic-ref --short HEAD
> git rev-parse feature-sekundaer-stack
> git rev-parse --symbolic-full-name feature-sekundaer-stack@{u}
> git rev-list --left-right feature-sekundaer-stack...refs/remotes/origin/feature-sekundaer-stack
> git for-each-ref --format %(refname) %(objectname) --sort -committerdate
> git remote --verbose
> git config --get commit.template
> git rev-parse --show-toplevel
> git rev-parse --show-toplevel
> git fetch
> git fetch
> git status -z -u
> git symbolic-ref --short HEAD
> git rev-parse develop
> git rev-parse --symbolic-full-name develop@{u}
> git rev-list --left-right develop...refs/remotes/origin/develop
> git for-each-ref --format %(refname) %(objectname) --sort -committerdate
> git remote --verbose
> git config --get commit.template
> git status -z -u
> git symbolic-ref --short HEAD
> git rev-parse feature-sekundaer-stack
> git rev-parse --symbolic-full-name feature-sekundaer-stack@{u}
> git rev-list --left-right feature-sekundaer-stack...refs/remotes/origin/feature-sekundaer-stack
> git for-each-ref --format %(refname) %(objectname) --sort -committerdate
> git remote --verbose
> git config --get commit.template
> git rev-parse --show-toplevel
> git rev-parse --show-toplevel
> git show :docker/provisioner/docker-compose.yml
> git status -z -u
> git symbolic-ref --short HEAD
> git rev-parse feature-sekundaer-stack
> git rev-parse --symbolic-full-name feature-sekundaer-stack@{u}
> git rev-list --left-right feature-sekundaer-stack...refs/remotes/origin/feature-sekundaer-stack
> git for-each-ref --format %(refname) %(objectname) --sort -committerdate
> git remote --verbose
> git config --get commit.template
> git rev-parse --show-toplevel
> git rev-parse --show-toplevel
> git fetch
> git fetch
> git status -z -u
> git symbolic-ref --short HEAD
> git rev-parse develop
> git rev-parse --symbolic-full-name develop@{u}
> git rev-list --left-right develop...refs/remotes/origin/develop
> git for-each-ref --format %(refname) %(objectname) --sort -committerdate
> git remote --verbose
> git config --get commit.template
From https://github.com/Skatteetaten/minerva
   6619f97..8780fc3  feature/computed_output_directory -> origin/feature/computed_output_directory
> git status -z -u
> git symbolic-ref --short HEAD
> git rev-parse feature-sekundaer-stack
> git rev-parse --symbolic-full-name feature-sekundaer-stack@{u}
> git rev-list --left-right feature-sekundaer-stack...refs/remotes/origin/feature-sekundaer-stack
> git for-each-ref --format %(refname) %(objectname) --sort -committerdate
> git remote --verbose
> git config --get commit.template
> git rev-parse --show-toplevel
> git rev-parse --show-toplevel
> git show :docker/provisioner/docker-compose.yml
> git status -z -u
> git symbolic-ref --short HEAD
> git rev-parse feature-sekundaer-stack
> git rev-parse --symbolic-full-name feature-sekundaer-stack@{u}
> git rev-list --left-right feature-sekundaer-stack...refs/remotes/origin/feature-sekundaer-stack
> git for-each-ref --format %(refname) %(objectname) --sort -committerdate
> git remote --verbose
> git config --get commit.template
> git rev-parse --show-toplevel
> git rev-parse --show-toplevel
> git fetch
> git fetch
> git status -z -u
> git symbolic-ref --short HEAD
> git rev-parse develop
> git rev-parse --symbolic-full-name develop@{u}
> git rev-list --left-right develop...refs/remotes/origin/develop
> git for-each-ref --format %(refname) %(objectname) --sort -committerdate
> git remote --verbose
> git config --get commit.template
> git status -z -u
> git symbolic-ref --short HEAD
> git rev-parse feature-sekundaer-stack
> git rev-parse --symbolic-full-name feature-sekundaer-stack@{u}
> git rev-list --left-right feature-sekundaer-stack...refs/remotes/origin/feature-sekundaer-stack
> git for-each-ref --format %(refname) %(objectname) --sort -committerdate
> git remote --verbose
> git config --get commit.template
> git rev-parse --show-toplevel
> git rev-parse --show-toplevel
> git show :docker/provisioner/docker-compose.yml
> git status -z -u
> git symbolic-ref --short HEAD
> git rev-parse feature-sekundaer-stack
> git rev-parse --symbolic-full-name feature-sekundaer-stack@{u}
> git rev-list --left-right feature-sekundaer-stack...refs/remotes/origin/feature-sekundaer-stack
> git for-each-ref --format %(refname) %(objectname) --sort -committerdate
> git remote --verbose
> git config --get commit.template
> git rev-parse --show-toplevel
> git rev-parse --show-toplevel
> git fetch
> git fetch
> git status -z -u
> git symbolic-ref --short HEAD
> git rev-parse develop
> git rev-parse --symbolic-full-name develop@{u}
> git rev-list --left-right develop...refs/remotes/origin/develop
> git for-each-ref --format %(refname) %(objectname) --sort -committerdate
> git remote --verbose
> git config --get commit.template
> git status -z -u
> git symbolic-ref --short HEAD
> git rev-parse feature-sekundaer-stack
> git rev-parse --symbolic-full-name feature-sekundaer-stack@{u}
> git rev-list --left-right feature-sekundaer-stack...refs/remotes/origin/feature-sekundaer-stack
> git for-each-ref --format %(refname) %(objectname) --sort -committerdate
> git remote --verbose
> git config --get commit.template
> git rev-parse --show-toplevel
> git rev-parse --show-toplevel
> git show :docker/provisioner/docker-compose.yml
> git status -z -u
> git symbolic-ref --short HEAD
> git rev-parse feature-sekundaer-stack
> git rev-parse --symbolic-full-name feature-sekundaer-stack@{u}
> git rev-list --left-right feature-sekundaer-stack...refs/remotes/origin/feature-sekundaer-stack
> git for-each-ref --format %(refname) %(objectname) --sort -committerdate
> git remote --verbose
> git config --get commit.template
> git rev-parse --show-toplevel
> git rev-parse --show-toplevel
> git fetch
> git fetch
> git status -z -u
> git symbolic-ref --short HEAD
> git rev-parse develop
> git rev-parse --symbolic-full-name develop@{u}
> git rev-list --left-right develop...refs/remotes/origin/develop
> git for-each-ref --format %(refname) %(objectname) --sort -committerdate
> git remote --verbose
> git config --get commit.template
> git status -z -u
> git symbolic-ref --short HEAD
> git rev-parse feature-sekundaer-stack
> git rev-parse --symbolic-full-name feature-sekundaer-stack@{u}
> git rev-list --left-right feature-sekundaer-stack...refs/remotes/origin/feature-sekundaer-stack
> git for-each-ref --format %(refname) %(objectname) --sort -committerdate
> git remote --verbose
> git config --get commit.template
> git rev-parse --show-toplevel
> git rev-parse --show-toplevel
> git show :docker/provisioner/docker-compose.yml
> git status -z -u
> git symbolic-ref --short HEAD
> git rev-parse feature-sekundaer-stack
> git rev-parse --symbolic-full-name feature-sekundaer-stack@{u}
> git rev-list --left-right feature-sekundaer-stack...refs/remotes/origin/feature-sekundaer-stack
> git for-each-ref --format %(refname) %(objectname) --sort -committerdate
> git remote --verbose
> git config --get commit.template
> git rev-parse --show-toplevel
> git rev-parse --show-toplevel
> git fetch
> git fetch
> git status -z -u
> git symbolic-ref --short HEAD
> git rev-parse develop
> git rev-parse --symbolic-full-name develop@{u}
> git rev-list --left-right develop...refs/remotes/origin/develop
> git for-each-ref --format %(refname) %(objectname) --sort -committerdate
> git remote --verbose
> git config --get commit.template
> git status -z -u
> git symbolic-ref --short HEAD
> git rev-parse feature-sekundaer-stack
> git rev-parse --symbolic-full-name feature-sekundaer-stack@{u}
> git rev-list --left-right feature-sekundaer-stack...refs/remotes/origin/feature-sekundaer-stack
> git for-each-ref --format %(refname) %(objectname) --sort -committerdate
> git remote --verbose
> git config --get commit.template
> git rev-parse --show-toplevel
> git rev-parse --show-toplevel
> git show :docker/provisioner/docker-compose.yml
> git status -z -u
> git symbolic-ref --short HEAD
> git rev-parse feature-sekundaer-stack
> git rev-parse --symbolic-full-name feature-sekundaer-stack@{u}
> git rev-list --left-right feature-sekundaer-stack...refs/remotes/origin/feature-sekundaer-stack
> git for-each-ref --format %(refname) %(objectname) --sort -committerdate
> git remote --verbose
> git config --get commit.template
> git rev-parse --show-toplevel
> git rev-parse --show-toplevel
> git fetch
> git fetch
> git status -z -u
> git symbolic-ref --short HEAD
> git rev-parse develop
> git rev-parse --symbolic-full-name develop@{u}
> git rev-list --left-right develop...refs/remotes/origin/develop
> git for-each-ref --format %(refname) %(objectname) --sort -committerdate
> git remote --verbose
> git config --get commit.template
> git status -z -u
> git symbolic-ref --short HEAD
> git rev-parse feature-sekundaer-stack
> git rev-parse --symbolic-full-name feature-sekundaer-stack@{u}
> git rev-list --left-right feature-sekundaer-stack...refs/remotes/origin/feature-sekundaer-stack
> git for-each-ref --format %(refname) %(objectname) --sort -committerdate
> git remote --verbose
> git config --get commit.template
> git rev-parse --show-toplevel
> git rev-parse --show-toplevel
> git show :docker/provisioner/docker-compose.yml
> git status -z -u
> git symbolic-ref --short HEAD
> git rev-parse feature-sekundaer-stack
> git rev-parse --symbolic-full-name feature-sekundaer-stack@{u}
> git rev-list --left-right feature-sekundaer-stack...refs/remotes/origin/feature-sekundaer-stack
> git for-each-ref --format %(refname) %(objectname) --sort -committerdate
> git remote --verbose
> git config --get commit.template
> git rev-parse --show-toplevel
> git rev-parse --show-toplevel
> git fetch
> git fetch
> git status -z -u
> git symbolic-ref --short HEAD
> git rev-parse develop
> git rev-parse --symbolic-full-name develop@{u}
> git rev-list --left-right develop...refs/remotes/origin/develop
> git for-each-ref --format %(refname) %(objectname) --sort -committerdate
> git remote --verbose
> git config --get commit.template
> git status -z -u
> git symbolic-ref --short HEAD
> git rev-parse feature-sekundaer-stack
> git rev-parse --symbolic-full-name feature-sekundaer-stack@{u}
> git rev-list --left-right feature-sekundaer-stack...refs/remotes/origin/feature-sekundaer-stack
> git for-each-ref --format %(refname) %(objectname) --sort -committerdate
> git remote --verbose
> git config --get commit.template
> git rev-parse --show-toplevel
> git rev-parse --show-toplevel
> git show :docker/provisioner/docker-compose.yml
> git status -z -u
> git symbolic-ref --short HEAD
> git rev-parse feature-sekundaer-stack
> git rev-parse --symbolic-full-name feature-sekundaer-stack@{u}
> git rev-list --left-right feature-sekundaer-stack...refs/remotes/origin/feature-sekundaer-stack
> git for-each-ref --format %(refname) %(objectname) --sort -committerdate
> git remote --verbose
> git config --get commit.template
> git rev-parse --show-toplevel
> git rev-parse --show-toplevel
> git fetch
> git fetch
> git status -z -u
> git symbolic-ref --short HEAD
> git rev-parse develop
> git rev-parse --symbolic-full-name develop@{u}
> git rev-list --left-right develop...refs/remotes/origin/develop
> git for-each-ref --format %(refname) %(objectname) --sort -committerdate
> git remote --verbose
> git config --get commit.template
> git status -z -u
> git symbolic-ref --short HEAD
> git rev-parse feature-sekundaer-stack
> git rev-parse --symbolic-full-name feature-sekundaer-stack@{u}
> git rev-list --left-right feature-sekundaer-stack...refs/remotes/origin/feature-sekundaer-stack
> git for-each-ref --format %(refname) %(objectname) --sort -committerdate
> git remote --verbose
> git config --get commit.template
> git rev-parse --show-toplevel
> git rev-parse --show-toplevel
> git show :docker/provisioner/docker-compose.yml
> git status -z -u
> git symbolic-ref --short HEAD
> git rev-parse feature-sekundaer-stack
> git rev-parse --symbolic-full-name feature-sekundaer-stack@{u}
> git rev-list --left-right feature-sekundaer-stack...refs/remotes/origin/feature-sekundaer-stack
> git for-each-ref --format %(refname) %(objectname) --sort -committerdate
> git remote --verbose
> git config --get commit.template
> git rev-parse --show-toplevel
> git rev-parse --show-toplevel
> git fetch
> git status -z -u
> git symbolic-ref --short HEAD
> git fetch
> git rev-parse develop
> git rev-parse --symbolic-full-name develop@{u}
> git rev-list --left-right develop...refs/remotes/origin/develop
> git for-each-ref --format %(refname) %(objectname) --sort -committerdate
> git remote --verbose
> git config --get commit.template
> git show :docker/provisioner/docker-compose.yml
From https://github.com/Skatteetaten/minerva
   75e713b..f575848  develop    -> origin/develop
> git status -z -u
> git symbolic-ref --short HEAD
> git rev-parse feature-sekundaer-stack
> git rev-parse --symbolic-full-name feature-sekundaer-stack@{u}
> git rev-list --left-right feature-sekundaer-stack...refs/remotes/origin/feature-sekundaer-stack
> git for-each-ref --format %(refname) %(objectname) --sort -committerdate
> git remote --verbose
> git config --get commit.template
> git rev-parse --show-toplevel
> git rev-parse --show-toplevel
> git show :docker/provisioner/docker-compose.yml
> git status -z -u
> git symbolic-ref --short HEAD
> git rev-parse feature-sekundaer-stack
> git rev-parse --symbolic-full-name feature-sekundaer-stack@{u}
> git rev-list --left-right feature-sekundaer-stack...refs/remotes/origin/feature-sekundaer-stack
> git for-each-ref --format %(refname) %(objectname) --sort -committerdate
> git remote --verbose
> git config --get commit.template
> git rev-parse --show-toplevel
> git rev-parse --show-toplevel
> git fetch
> git status -z -u
> git symbolic-ref --short HEAD
> git rev-parse develop
> git rev-parse --symbolic-full-name develop@{u}
> git rev-list --left-right develop...refs/remotes/origin/develop
> git for-each-ref --format %(refname) %(objectname) --sort -committerdate
> git remote --verbose
> git config --get commit.template
> git fetch
> git show :docker/provisioner/docker-compose.yml
> git status -z -u
> git symbolic-ref --short HEAD
> git rev-parse feature-sekundaer-stack
> git rev-parse --symbolic-full-name feature-sekundaer-stack@{u}
> git rev-list --left-right feature-sekundaer-stack...refs/remotes/origin/feature-sekundaer-stack
> git for-each-ref --format %(refname) %(objectname) --sort -committerdate
> git remote --verbose
> git config --get commit.template
> git rev-parse --show-toplevel
> git rev-parse --show-toplevel
> git show :docker/provisioner/docker-compose.yml
> git status -z -u
> git symbolic-ref --short HEAD
> git rev-parse feature-sekundaer-stack
> git rev-parse --symbolic-full-name feature-sekundaer-stack@{u}
> git rev-list --left-right feature-sekundaer-stack...refs/remotes/origin/feature-sekundaer-stack
> git for-each-ref --format %(refname) %(objectname) --sort -committerdate
> git remote --verbose
> git config --get commit.template
> git rev-parse --show-toplevel
> git rev-parse --show-toplevel
> git fetch
> git status -z -u
> git symbolic-ref --short HEAD
> git rev-parse develop
> git rev-parse --symbolic-full-name develop@{u}
> git rev-list --left-right develop...refs/remotes/origin/develop
> git for-each-ref --format %(refname) %(objectname) --sort -committerdate
> git remote --verbose
> git config --get commit.template
> git fetch
> git status -z -u
> git symbolic-ref --short HEAD
> git rev-parse feature-sekundaer-stack
> git rev-parse --symbolic-full-name feature-sekundaer-stack@{u}
> git rev-list --left-right feature-sekundaer-stack...refs/remotes/origin/feature-sekundaer-stack
> git for-each-ref --format %(refname) %(objectname) --sort -committerdate
> git remote --verbose
> git config --get commit.template
> git rev-parse --show-toplevel
> git rev-parse --show-toplevel
> git show :docker/provisioner/docker-compose.yml
> git status -z -u
> git symbolic-ref --short HEAD
> git rev-parse feature-sekundaer-stack
> git rev-parse --symbolic-full-name feature-sekundaer-stack@{u}
> git rev-list --left-right feature-sekundaer-stack...refs/remotes/origin/feature-sekundaer-stack
> git for-each-ref --format %(refname) %(objectname) --sort -committerdate
> git remote --verbose
> git config --get commit.template
> git rev-parse --show-toplevel
> git rev-parse --show-toplevel
> git fetch
> git status -z -u
> git symbolic-ref --short HEAD
> git rev-parse develop
> git rev-parse --symbolic-full-name develop@{u}
> git rev-list --left-right develop...refs/remotes/origin/develop
> git for-each-ref --format %(refname) %(objectname) --sort -committerdate
> git remote --verbose
> git config --get commit.template
> git fetch
> git show :docker/provisioner/docker-compose.yml
> git status -z -u
> git symbolic-ref --short HEAD
> git rev-parse feature-sekundaer-stack
> git rev-parse --symbolic-full-name feature-sekundaer-stack@{u}
> git rev-list --left-right feature-sekundaer-stack...refs/remotes/origin/feature-sekundaer-stack
> git for-each-ref --format %(refname) %(objectname) --sort -committerdate
> git remote --verbose
> git config --get commit.template
> git rev-parse --show-toplevel
> git rev-parse --show-toplevel
> git show :docker/provisioner/docker-compose.yml
> git status -z -u
> git symbolic-ref --short HEAD
> git rev-parse feature-sekundaer-stack
> git rev-parse --symbolic-full-name feature-sekundaer-stack@{u}
> git rev-list --left-right feature-sekundaer-stack...refs/remotes/origin/feature-sekundaer-stack
> git for-each-ref --format %(refname) %(objectname) --sort -committerdate
> git remote --verbose
> git config --get commit.template
> git rev-parse --show-toplevel
> git rev-parse --show-toplevel
> git fetch
From https://github.com/Skatteetaten/minerva-config
   6d668b5..d3da6af  develop    -> origin/develop
> git status -z -u
> git symbolic-ref --short HEAD
> git rev-parse develop
> git rev-parse --symbolic-full-name develop@{u}
> git rev-list --left-right develop...refs/remotes/origin/develop
> git for-each-ref --format %(refname) %(objectname) --sort -committerdate
> git remote --verbose
> git config --get commit.template
> git fetch
> git show :docker/provisioner/docker-compose.yml
From https://github.com/Skatteetaten/minerva
   bb20278..a1f95c6  feature-disable-netdata -> origin/feature-disable-netdata
> git status -z -u
> git symbolic-ref --short HEAD
> git rev-parse feature-sekundaer-stack
> git rev-parse --symbolic-full-name feature-sekundaer-stack@{u}
> git rev-list --left-right feature-sekundaer-stack...refs/remotes/origin/feature-sekundaer-stack
> git for-each-ref --format %(refname) %(objectname) --sort -committerdate
> git remote --verbose
> git config --get commit.template
> git rev-parse --show-toplevel
> git rev-parse --show-toplevel
> git show :docker/provisioner/docker-compose.yml
> git status -z -u
> git symbolic-ref --short HEAD
> git rev-parse feature-sekundaer-stack
> git rev-parse --symbolic-full-name feature-sekundaer-stack@{u}
> git rev-list --left-right feature-sekundaer-stack...refs/remotes/origin/feature-sekundaer-stack
> git for-each-ref --format %(refname) %(objectname) --sort -committerdate
> git remote --verbose
> git config --get commit.template
> git rev-parse --show-toplevel
> git rev-parse --show-toplevel
> git fetch
> git status -z -u
> git symbolic-ref --short HEAD
> git rev-parse develop
> git rev-parse --symbolic-full-name develop@{u}
> git rev-list --left-right develop...refs/remotes/origin/develop
> git for-each-ref --format %(refname) %(objectname) --sort -committerdate
> git remote --verbose
> git config --get commit.template
> git fetch
> git status -z -u
> git symbolic-ref --short HEAD
> git rev-parse feature-sekundaer-stack
> git rev-parse --symbolic-full-name feature-sekundaer-stack@{u}
> git rev-list --left-right feature-sekundaer-stack...refs/remotes/origin/feature-sekundaer-stack
> git for-each-ref --format %(refname) %(objectname) --sort -committerdate
> git remote --verbose
> git config --get commit.template
> git rev-parse --show-toplevel
> git rev-parse --show-toplevel
> git show :docker/provisioner/docker-compose.yml
> git status -z -u
> git symbolic-ref --short HEAD
> git rev-parse feature-sekundaer-stack
> git rev-parse --symbolic-full-name feature-sekundaer-stack@{u}
> git rev-list --left-right feature-sekundaer-stack...refs/remotes/origin/feature-sekundaer-stack
> git for-each-ref --format %(refname) %(objectname) --sort -committerdate
> git remote --verbose
> git config --get commit.template
> git rev-parse --show-toplevel
> git rev-parse --show-toplevel
> git fetch
> git status -z -u
> git symbolic-ref --short HEAD
> git rev-parse develop
> git rev-parse --symbolic-full-name develop@{u}
> git rev-list --left-right develop...refs/remotes/origin/develop
> git for-each-ref --format %(refname) %(objectname) --sort -committerdate
> git remote --verbose
> git config --get commit.template
> git fetch
> git status -z -u
> git symbolic-ref --short HEAD
> git rev-parse feature-sekundaer-stack
> git rev-parse --symbolic-full-name feature-sekundaer-stack@{u}
> git rev-list --left-right feature-sekundaer-stack...refs/remotes/origin/feature-sekundaer-stack
> git for-each-ref --format %(refname) %(objectname) --sort -committerdate
> git remote --verbose
> git config --get commit.template
> git rev-parse --show-toplevel
> git rev-parse --show-toplevel
> git show :docker/provisioner/docker-compose.yml
> git status -z -u
> git symbolic-ref --short HEAD
> git rev-parse feature-sekundaer-stack
> git rev-parse --symbolic-full-name feature-sekundaer-stack@{u}
> git rev-list --left-right feature-sekundaer-stack...refs/remotes/origin/feature-sekundaer-stack
> git for-each-ref --format %(refname) %(objectname) --sort -committerdate
> git remote --verbose
> git config --get commit.template
> git rev-parse --show-toplevel
> git rev-parse --show-toplevel
> git fetch
From https://github.com/Skatteetaten/minerva-config
   d3da6af..9cdaa25  develop    -> origin/develop
> git status -z -u
> git symbolic-ref --short HEAD
> git rev-parse develop
> git rev-parse --symbolic-full-name develop@{u}
> git rev-list --left-right develop...refs/remotes/origin/develop
> git for-each-ref --format %(refname) %(objectname) --sort -committerdate
> git remote --verbose
> git config --get commit.template
> git fetch
> git show :docker/provisioner/docker-compose.yml
> git status -z -u
> git symbolic-ref --short HEAD
> git rev-parse feature-sekundaer-stack
> git rev-parse --symbolic-full-name feature-sekundaer-stack@{u}
> git rev-list --left-right feature-sekundaer-stack...refs/remotes/origin/feature-sekundaer-stack
> git for-each-ref --format %(refname) %(objectname) --sort -committerdate
> git remote --verbose
> git config --get commit.template
> git rev-parse --show-toplevel
> git rev-parse --show-toplevel
> git show :docker/provisioner/docker-compose.yml
> git status -z -u
> git symbolic-ref --short HEAD
> git rev-parse feature-sekundaer-stack
> git rev-parse --symbolic-full-name feature-sekundaer-stack@{u}
> git rev-list --left-right feature-sekundaer-stack...refs/remotes/origin/feature-sekundaer-stack
> git for-each-ref --format %(refname) %(objectname) --sort -committerdate
> git remote --verbose
> git config --get commit.template
> git rev-parse --show-toplevel
> git rev-parse --show-toplevel
> git fetch
> git status -z -u
> git symbolic-ref --short HEAD
> git rev-parse develop
> git rev-parse --symbolic-full-name develop@{u}
> git rev-list --left-right develop...refs/remotes/origin/develop
> git for-each-ref --format %(refname) %(objectname) --sort -committerdate
> git remote --verbose
> git config --get commit.template
> git fetch
From https://github.com/Skatteetaten/minerva
 * [new branch]      testing-sekundaer-playground -> origin/testing-sekundaer-playground
> git status -z -u
> git symbolic-ref --short HEAD
> git rev-parse feature-sekundaer-stack
> git rev-parse --symbolic-full-name feature-sekundaer-stack@{u}
> git rev-list --left-right feature-sekundaer-stack...refs/remotes/origin/feature-sekundaer-stack
> git for-each-ref --format %(refname) %(objectname) --sort -committerdate
> git remote --verbose
> git config --get commit.template
> git rev-parse --show-toplevel
> git rev-parse --show-toplevel
> git show :docker/provisioner/docker-compose.yml
> git status -z -u
> git symbolic-ref --short HEAD
> git rev-parse feature-sekundaer-stack
> git rev-parse --symbolic-full-name feature-sekundaer-stack@{u}
> git rev-list --left-right feature-sekundaer-stack...refs/remotes/origin/feature-sekundaer-stack
> git for-each-ref --format %(refname) %(objectname) --sort -committerdate
> git remote --verbose
> git config --get commit.template
> git rev-parse --show-toplevel
> git rev-parse --show-toplevel
