Looking for git in: git
Using git 2.7.4 from git
> git rev-parse --show-toplevel
fatal: Not a git repository (or any of the parent directories): .git
> git rev-parse --show-toplevel
> git rev-parse --git-dir
Open repository: /home/m88614/IdeaProjects/Minerva/minerva-config
> git fetch
> git status -z -u
> git symbolic-ref --short HEAD
> git rev-parse feature-dataprep-plattform-stack
> git rev-parse --symbolic-full-name feature-dataprep-plattform-stack@{u}
> git rev-list --left-right feature-dataprep-plattform-stack...refs/remotes/origin/feature-dataprep-plattform-stack
> git for-each-ref --format %(refname) %(objectname) --sort -committerdate
> git remote --verbose
> git show :environment_specific/intern-preprod-green.yml
> git config --get commit.template
> git rev-parse --show-toplevel
fatal: Not a git repository (or any of the parent directories): .git
> git rev-parse --show-toplevel
> git rev-parse --git-dir
Open repository: /home/m88614/IdeaProjects/Minerva/minerva
> git fetch
> git status -z -u
> git symbolic-ref --short HEAD
> git rev-parse feature-dataprep-plattform-stack
> git rev-parse --symbolic-full-name feature-dataprep-plattform-stack@{u}
> git rev-list --left-right feature-dataprep-plattform-stack...refs/remotes/origin/feature-dataprep-plattform-stack
> git for-each-ref --format %(refname) %(objectname) --sort -committerdate
> git remote --verbose
> git config --get commit.template
> git rev-parse --show-toplevel
> git check-ignore -v -z --stdin
> git rev-parse --show-toplevel
> git rev-parse --show-toplevel
> git check-ignore -v -z --stdin
> git check-ignore -v -z --stdin
> git show :environment_specific/intern-preprod-green.yml
From https://github.com/Skatteetaten/minerva-config
   c0967e1..ba6c336  feature-config-prod-sikker -> origin/feature-config-prod-sikker
   6d668b5..61894aa  feature-remove-unused-ports -> origin/feature-remove-unused-ports
 * [new branch]      hotfix-srv-packer-epel -> origin/hotfix-srv-packer-epel
   cbb6835..92e1d3d  m96330     -> origin/m96330
> git status -z -u
> git symbolic-ref --short HEAD
> git rev-parse feature-dataprep-plattform-stack
> git rev-parse --symbolic-full-name feature-dataprep-plattform-stack@{u}
> git rev-list --left-right feature-dataprep-plattform-stack...refs/remotes/origin/feature-dataprep-plattform-stack
> git for-each-ref --format %(refname) %(objectname) --sort -committerdate
> git remote --verbose
> git config --get commit.template
From https://github.com/Skatteetaten/minerva
   51a0353..394ebde  feature-dataprep-plattform-stack -> origin/feature-dataprep-plattform-stack
   0b7c4db..214e730  develop    -> origin/develop
   1275864..361cf7d  feature-compliance-test-m75745 -> origin/feature-compliance-test-m75745
   5fc8643..fa36cd1  feature-jenkins-provisioner -> origin/feature-jenkins-provisioner
   5e8e988..3f280d1  feature/bootstrap/updates -> origin/feature/bootstrap/updates
 * [new branch]      hansrasm-dhcp-patch-dhcpd-pools -> origin/hansrasm-dhcp-patch-dhcpd-pools
 * [new branch]      hotfix-srv-packer-epel -> origin/hotfix-srv-packer-epel
> git status -z -u
> git symbolic-ref --short HEAD
> git rev-parse feature-dataprep-plattform-stack
> git rev-parse --symbolic-full-name feature-dataprep-plattform-stack@{u}
> git rev-list --left-right feature-dataprep-plattform-stack...refs/remotes/origin/feature-dataprep-plattform-stack
> git for-each-ref --format %(refname) %(objectname) --sort -committerdate
> git remote --verbose
> git config --get commit.template
> git rev-parse --show-toplevel
> git rev-parse --show-toplevel
> git show :environment_specific/intern-preprod-green.yml
> git status -z -u
> git symbolic-ref --short HEAD
> git rev-parse feature-dataprep-plattform-stack
> git rev-parse --symbolic-full-name feature-dataprep-plattform-stack@{u}
> git rev-list --left-right feature-dataprep-plattform-stack...refs/remotes/origin/feature-dataprep-plattform-stack
> git for-each-ref --format %(refname) %(objectname) --sort -committerdate
> git remote --verbose
> git config --get commit.template
> git pull --tags origin feature-dataprep-plattform-stack
> git pull --tags origin feature-dataprep-plattform-stack
From https://github.com/Skatteetaten/minerva-config
 * branch            feature-dataprep-plattform-stack -> FETCH_HEAD
> git status -z -u
> git symbolic-ref --short HEAD
> git rev-parse feature-dataprep-plattform-stack
> git rev-parse --symbolic-full-name feature-dataprep-plattform-stack@{u}
> git rev-list --left-right feature-dataprep-plattform-stack...refs/remotes/origin/feature-dataprep-plattform-stack
> git for-each-ref --format %(refname) %(objectname) --sort -committerdate
> git remote --verbose
> git config --get commit.template
From https://github.com/Skatteetaten/minerva
 * branch            feature-dataprep-plattform-stack -> FETCH_HEAD
> git status -z -u
> git symbolic-ref --short HEAD
> git rev-parse feature-dataprep-plattform-stack
> git rev-parse --symbolic-full-name feature-dataprep-plattform-stack@{u}
> git rev-list --left-right feature-dataprep-plattform-stack...refs/remotes/origin/feature-dataprep-plattform-stack
> git for-each-ref --format %(refname) %(objectname) --sort -committerdate
> git remote --verbose
> git config --get commit.template
> git rev-parse --show-toplevel
> git rev-parse --show-toplevel
> git show :environment_specific/intern-preprod-green.yml
> git status -z -u
> git symbolic-ref --short HEAD
> git rev-parse feature-dataprep-plattform-stack
> git rev-parse --symbolic-full-name feature-dataprep-plattform-stack@{u}
> git rev-list --left-right feature-dataprep-plattform-stack...refs/remotes/origin/feature-dataprep-plattform-stack
> git for-each-ref --format %(refname) %(objectname) --sort -committerdate
> git remote --verbose
> git config --get commit.template
> git check-ignore -v -z --stdin
> git check-ignore -v -z --stdin
> git check-ignore -v -z --stdin
> git check-ignore -v -z --stdin
> git check-ignore -v -z --stdin
> git check-ignore -v -z --stdin
> git check-ignore -v -z --stdin
> git check-ignore -v -z --stdin
> git show :stacks/services/dataprep-plattform/platform/main.tf
> git show :environment_specific/intern-preprod-green.yml
> git rev-parse --show-toplevel
fatal: Not a git repository (or any of the parent directories): .git
> git show :environment_specific/intern-preprod-green.yml
> git check-ignore -v -z --stdin
> git fetch
> git fetch
> git status -z -u
> git symbolic-ref --short HEAD
> git rev-parse feature-dataprep-plattform-stack
> git rev-parse --symbolic-full-name feature-dataprep-plattform-stack@{u}
> git rev-list --left-right feature-dataprep-plattform-stack...refs/remotes/origin/feature-dataprep-plattform-stack
> git for-each-ref --format %(refname) %(objectname) --sort -committerdate
> git remote --verbose
> git config --get commit.template
> git status -z -u
> git symbolic-ref --short HEAD
> git rev-parse feature-dataprep-plattform-stack
> git rev-parse --symbolic-full-name feature-dataprep-plattform-stack@{u}
> git rev-list --left-right feature-dataprep-plattform-stack...refs/remotes/origin/feature-dataprep-plattform-stack
> git for-each-ref --format %(refname) %(objectname) --sort -committerdate
> git remote --verbose
> git config --get commit.template
> git rev-parse --show-toplevel
> git rev-parse --show-toplevel
> git show :environment_specific/intern-preprod-green.yml
> git status -z -u
> git status -z -u
> git symbolic-ref --short HEAD
> git rev-parse feature-dataprep-plattform-stack
> git symbolic-ref --short HEAD
> git rev-parse --symbolic-full-name feature-dataprep-plattform-stack@{u}
> git rev-parse feature-dataprep-plattform-stack
> git rev-list --left-right feature-dataprep-plattform-stack...refs/remotes/origin/feature-dataprep-plattform-stack
> git rev-parse --symbolic-full-name feature-dataprep-plattform-stack@{u}
> git for-each-ref --format %(refname) %(objectname) --sort -committerdate
> git remote --verbose
> git rev-list --left-right feature-dataprep-plattform-stack...refs/remotes/origin/feature-dataprep-plattform-stack
> git for-each-ref --format %(refname) %(objectname) --sort -committerdate
> git remote --verbose
> git config --get commit.template
> git config --get commit.template
> git rev-parse --show-toplevel
> git rev-parse --show-toplevel
> git fetch
> git fetch
> git status -z -u
> git symbolic-ref --short HEAD
> git rev-parse feature-dataprep-plattform-stack
> git rev-parse --symbolic-full-name feature-dataprep-plattform-stack@{u}
> git rev-list --left-right feature-dataprep-plattform-stack...refs/remotes/origin/feature-dataprep-plattform-stack
> git for-each-ref --format %(refname) %(objectname) --sort -committerdate
> git remote --verbose
> git config --get commit.template
> git status -z -u
> git symbolic-ref --short HEAD
> git rev-parse feature-dataprep-plattform-stack
> git rev-parse --symbolic-full-name feature-dataprep-plattform-stack@{u}
> git rev-list --left-right feature-dataprep-plattform-stack...refs/remotes/origin/feature-dataprep-plattform-stack
> git for-each-ref --format %(refname) %(objectname) --sort -committerdate
> git remote --verbose
> git config --get commit.template
> git rev-parse --show-toplevel
> git rev-parse --show-toplevel
> git show :environment_specific/intern-preprod-green.yml
> git status -z -u
> git symbolic-ref --short HEAD
> git rev-parse feature-dataprep-plattform-stack
> git rev-parse --symbolic-full-name feature-dataprep-plattform-stack@{u}
> git rev-list --left-right feature-dataprep-plattform-stack...refs/remotes/origin/feature-dataprep-plattform-stack
> git for-each-ref --format %(refname) %(objectname) --sort -committerdate
> git remote --verbose
> git config --get commit.template
> git check-ignore -v -z --stdin
> git check-ignore -v -z --stdin
> git check-ignore -v -z --stdin
> git check-ignore -v -z --stdin
> git show :stacks/services/sekundaer/containers/resources/tests/test-gateway.sh
> git show :environment_specific/intern-preprod-green.yml
> git show :stacks/services/dataprep-plattform/containers/main.tf
> git show :stacks/services/sekundaer/containers/main.tf
> git show :stacks/services/dataprep-plattform/containers/main.tf
> git fetch
> git fetch
> git show :stacks/services/sekundaer/containers/main.tf
> git status -z -u
> git symbolic-ref --short HEAD
> git rev-parse feature-dataprep-plattform-stack
> git rev-parse --symbolic-full-name feature-dataprep-plattform-stack@{u}
> git rev-list --left-right feature-dataprep-plattform-stack...refs/remotes/origin/feature-dataprep-plattform-stack
> git for-each-ref --format %(refname) %(objectname) --sort -committerdate
> git remote --verbose
> git config --get commit.template
> git status -z -u
> git symbolic-ref --short HEAD
> git rev-parse feature-dataprep-plattform-stack
> git rev-parse --symbolic-full-name feature-dataprep-plattform-stack@{u}
> git rev-list --left-right feature-dataprep-plattform-stack...refs/remotes/origin/feature-dataprep-plattform-stack
> git for-each-ref --format %(refname) %(objectname) --sort -committerdate
> git remote --verbose
> git config --get commit.template
> git rev-parse --show-toplevel
> git rev-parse --show-toplevel
> git show :stacks/services/sekundaer/containers/main.tf
> git status -z -u
> git status -z -u
> git symbolic-ref --short HEAD
> git rev-parse feature-dataprep-plattform-stack
> git symbolic-ref --short HEAD
> git rev-parse --symbolic-full-name feature-dataprep-plattform-stack@{u}
> git rev-parse feature-dataprep-plattform-stack
> git rev-list --left-right feature-dataprep-plattform-stack...refs/remotes/origin/feature-dataprep-plattform-stack
> git rev-parse --symbolic-full-name feature-dataprep-plattform-stack@{u}
> git for-each-ref --format %(refname) %(objectname) --sort -committerdate
> git remote --verbose
> git rev-list --left-right feature-dataprep-plattform-stack...refs/remotes/origin/feature-dataprep-plattform-stack
> git config --get commit.template
> git for-each-ref --format %(refname) %(objectname) --sort -committerdate
> git remote --verbose
> git config --get commit.template
> git rev-parse --show-toplevel
> git rev-parse --show-toplevel
> git show :stacks/services/dataprep-plattform/containers/main.tf
> git show :stacks/services/sekundaer/containers/main.tf
> git show :stacks/services/dataprep-plattform/containers/main.tf
> git show :stacks/services/sekundaer/containers/main.tf
> git show :stacks/services/dataprep-plattform/containers/main.tf
> git show :stacks/services/sekundaer/containers/main.tf
> git show :stacks/services/dataprep-plattform/containers/main.tf
> git show :stacks/services/sekundaer/containers/main.tf
