Looking for git in: git
Using git 2.7.4 from git
> git rev-parse --show-toplevel
fatal: Not a git repository (or any of the parent directories): .git
> git rev-parse --show-toplevel
> git rev-parse --git-dir
Open repository: /home/m88614/IdeaProjects/Minerva/minerva-config
> git fetch
> git status -z -u
> git symbolic-ref --short HEAD
> git rev-parse develop
> git rev-parse --symbolic-full-name develop@{u}
> git rev-list --left-right develop...refs/remotes/origin/develop
> git for-each-ref --format %(refname) %(objectname) --sort -committerdate
> git remote --verbose
> git check-ignore -v -z --stdin
> git show :environment_specific/green-blue.txt
> git config --get commit.template
> git rev-parse --show-toplevel
fatal: Not a git repository (or any of the parent directories): .git
> git rev-parse --show-toplevel
> git rev-parse --git-dir
Open repository: /home/m88614/IdeaProjects/Minerva/minerva
> git fetch
> git status -z -u
> git symbolic-ref --short HEAD
> git rev-parse feature-sekundaer-stack
> git rev-parse --symbolic-full-name feature-sekundaer-stack@{u}
> git rev-list --left-right feature-sekundaer-stack...refs/remotes/origin/feature-sekundaer-stack
> git for-each-ref --format %(refname) %(objectname) --sort -committerdate
> git remote --verbose
> git config --get commit.template
> git rev-parse --show-toplevel
> git rev-parse --show-toplevel
> git rev-parse --show-toplevel
> git check-ignore -v -z --stdin
> git check-ignore -v -z --stdin
From https://github.com/Skatteetaten/minerva-config
   b022e46..6d668b5  develop    -> origin/develop
 * [new branch]      MIN-3129-QA-backup-and-proxy-config -> origin/MIN-3129-QA-backup-and-proxy-config
 * [new branch]      bugfix-jq-version-as-string -> origin/bugfix-jq-version-as-string
   5d663a5..24ebcc6  centos-change-to-local-repo -> origin/centos-change-to-local-repo
   ba11899..992bd09  feature-base-linux-v1 -> origin/feature-base-linux-v1
   eda7163..506325c  feature-base-server-health-checks-min-3109 -> origin/feature-base-server-health-checks-min-3109
 * [new branch]      feature-base-server-health-checks-min-3110 -> origin/feature-base-server-health-checks-min-3110
 * [new branch]      feature-config-intern-qa -> origin/feature-config-intern-qa
 * [new branch]      feature-config-prod-sikker -> origin/feature-config-prod-sikker
 * [new branch]      feature-harbor-clair -> origin/feature-harbor-clair
 * [new branch]      feature-jenkins-cluster -> origin/feature-jenkins-cluster
 * [new branch]      feature-qa-rename -> origin/feature-qa-rename
 * [new branch]      feature-remove-unused-ports -> origin/feature-remove-unused-ports
 * [new branch]      hotfix-reposerver-epel -> origin/hotfix-reposerver-epel
   b022e46..f01ab1a  testing/sekundaer-playground -> origin/testing/sekundaer-playground
 * [new tag]         0.0.1      -> 0.0.1
> git status -z -u
> git symbolic-ref --short HEAD
> git rev-parse develop
> git rev-parse --symbolic-full-name develop@{u}
> git rev-list --left-right develop...refs/remotes/origin/develop
> git for-each-ref --format %(refname) %(objectname) --sort -committerdate
> git remote --verbose
> git config --get commit.template
> git show :environment_specific/green-blue.txt
From https://github.com/Skatteetaten/minerva
 * [new branch]      adr-jenkins-plugins -> origin/adr-jenkins-plugins
   0c44d9a..75e713b  develop    -> origin/develop
   538300b..e187a72  feature-base-linux-v1 -> origin/feature-base-linux-v1
 * [new branch]      feature-base-server-health-checks-min-3110 -> origin/feature-base-server-health-checks-min-3110
 * [new branch]      feature-byggnotification -> origin/feature-byggnotification
   b00597b..7912469  feature-compliance-testing -> origin/feature-compliance-testing
 * [new branch]      feature-config-intern-qa -> origin/feature-config-intern-qa
 * [new branch]      feature-config-prod-sikker -> origin/feature-config-prod-sikker
 * [new branch]      feature-disable-netdata -> origin/feature-disable-netdata
 * [new branch]      feature-jenkins-cluster -> origin/feature-jenkins-cluster
 * [new branch]      feature-jenkins-provisioner -> origin/feature-jenkins-provisioner
 * [new branch]      feature-qa-rename -> origin/feature-qa-rename
 * [new branch]      feature/bootstrap/updates -> origin/feature/bootstrap/updates
   6e5a5a6..a35933b  feature/computed_output_directory -> origin/feature/computed_output_directory
 * [new branch]      feature/zookeeper-container -> origin/feature/zookeeper-container
 * [new branch]      hotfix-reposerver-epel -> origin/hotfix-reposerver-epel
 * [new branch]      poc-nexus-nodexport -> origin/poc-nexus-nodexport
   a217e07..6f3297d  raj-testing -> origin/raj-testing
   d91907e..516f834  testing/sekundaer-playground -> origin/testing/sekundaer-playground
 * [new tag]         base-server/v0.2.12 -> base-server/v0.2.12
 * [new tag]         base-server/v0.2.13 -> base-server/v0.2.13
 * [new tag]         ssh-strengthening/v0.1.0 -> ssh-strengthening/v0.1.0
 * [new tag]         ssh-strengthening/v0.2.13 -> ssh-strengthening/v0.2.13
> git status -z -u
> git symbolic-ref --short HEAD
> git rev-parse feature-sekundaer-stack
> git rev-parse --symbolic-full-name feature-sekundaer-stack@{u}
> git rev-list --left-right feature-sekundaer-stack...refs/remotes/origin/feature-sekundaer-stack
> git for-each-ref --format %(refname) %(objectname) --sort -committerdate
> git remote --verbose
> git config --get commit.template
> git status -z -u
> git symbolic-ref --short HEAD
> git rev-parse develop
> git rev-parse --symbolic-full-name develop@{u}
> git rev-list --left-right develop...refs/remotes/origin/develop
> git for-each-ref --format %(refname) %(objectname) --sort -committerdate
> git remote --verbose
> git config --get commit.template
> git rev-parse --show-toplevel
> git rev-parse --show-toplevel
