[2020-01-31 13:00:17.884] [exthost] [info] extension host started
[2020-01-31 13:00:17.922] [exthost] [info] ExtensionService#_doActivateExtension vscode.debug-auto-launch {"startup":true,"extensionId":{"value":"vscode.debug-auto-launch","_lower":"vscode.debug-auto-launch"},"activationEvent":"*"}
[2020-01-31 13:00:17.922] [exthost] [info] ExtensionService#loadCommonJSModule file:///usr/share/code/resources/app/extensions/debug-auto-launch/dist/extension
[2020-01-31 13:00:17.930] [exthost] [info] ExtensionService#_doActivateExtension vscode.emmet {"startup":true,"extensionId":{"value":"vscode.emmet","_lower":"vscode.emmet"},"activationEvent":"*"}
[2020-01-31 13:00:17.930] [exthost] [info] ExtensionService#loadCommonJSModule file:///usr/share/code/resources/app/extensions/emmet/dist/extension
[2020-01-31 13:00:17.962] [exthost] [info] ExtensionService#_doActivateExtension vscode.git {"startup":true,"extensionId":{"value":"vscode.git","_lower":"vscode.git"},"activationEvent":"*"}
[2020-01-31 13:00:17.962] [exthost] [info] ExtensionService#loadCommonJSModule file:///usr/share/code/resources/app/extensions/git/dist/main
[2020-01-31 13:00:18.005] [exthost] [info] ExtensionService#_doActivateExtension vscode.merge-conflict {"startup":true,"extensionId":{"value":"vscode.merge-conflict","_lower":"vscode.merge-conflict"},"activationEvent":"*"}
[2020-01-31 13:00:18.005] [exthost] [info] ExtensionService#loadCommonJSModule file:///usr/share/code/resources/app/extensions/merge-conflict/dist/extension
[2020-01-31 13:00:18.039] [exthost] [info] ExtensionService#_doActivateExtension vscode.search-result {"startup":true,"extensionId":{"value":"vscode.search-result","_lower":"vscode.search-result"},"activationEvent":"*"}
[2020-01-31 13:00:18.039] [exthost] [info] ExtensionService#loadCommonJSModule file:///usr/share/code/resources/app/extensions/search-result/dist/extension.js
[2020-01-31 13:00:18.043] [exthost] [info] ExtensionService#_doActivateExtension christian-kohler.path-intellisense {"startup":true,"extensionId":{"value":"christian-kohler.path-intellisense","_lower":"christian-kohler.path-intellisense"},"activationEvent":"*"}
[2020-01-31 13:00:18.043] [exthost] [info] ExtensionService#loadCommonJSModule file:///home/m88614/.vscode/extensions/christian-kohler.path-intellisense-1.4.2/out/src/extension
[2020-01-31 13:00:18.096] [exthost] [info] ExtensionService#_doActivateExtension CoenraadS.bracket-pair-colorizer {"startup":true,"extensionId":{"value":"CoenraadS.bracket-pair-colorizer","_lower":"coenraads.bracket-pair-colorizer"},"activationEvent":"*"}
[2020-01-31 13:00:18.096] [exthost] [info] ExtensionService#loadCommonJSModule file:///home/m88614/.vscode/extensions/coenraads.bracket-pair-colorizer-1.0.61/out/src/extension
[2020-01-31 13:00:18.144] [exthost] [info] ExtensionService#_doActivateExtension eamodio.gitlens {"startup":true,"extensionId":{"value":"eamodio.gitlens","_lower":"eamodio.gitlens"},"activationEvent":"*"}
[2020-01-31 13:00:18.145] [exthost] [info] ExtensionService#loadCommonJSModule file:///home/m88614/.vscode/extensions/eamodio.gitlens-10.2.0/dist/extension
[2020-01-31 13:00:18.208] [exthost] [info] ExtensionService#_doActivateExtension vscodevim.vim {"startup":true,"extensionId":{"value":"vscodevim.vim","_lower":"vscodevim.vim"},"activationEvent":"*"}
[2020-01-31 13:00:18.208] [exthost] [info] ExtensionService#loadCommonJSModule file:///home/m88614/.vscode/extensions/vscodevim.vim-1.12.4/out/extension
[2020-01-31 13:00:19.355] [exthost] [info] ExtensionService#_doActivateExtension ms-azuretools.vscode-docker {"startup":false,"extensionId":{"value":"ms-azuretools.vscode-docker","_lower":"ms-azuretools.vscode-docker"},"activationEvent":"onLanguage:yaml"}
[2020-01-31 13:00:19.355] [exthost] [info] ExtensionService#loadCommonJSModule file:///home/m88614/.vscode/extensions/ms-azuretools.vscode-docker-0.9.0/main
[2020-01-31 13:00:20.465] [exthost] [info] ExtensionService#_doActivateExtension ms-vscode.Go {"startup":true,"extensionId":{"value":"ms-vscode.Go","_lower":"ms-vscode.go"},"activationEvent":"workspaceContains:**/*.go"}
[2020-01-31 13:00:20.465] [exthost] [info] ExtensionService#loadCommonJSModule file:///home/m88614/.vscode/extensions/ms-vscode.go-0.12.0/out/src/goMain
[2020-01-31 13:00:21.381] [exthost] [info] eager extensions activated
[2020-01-31 13:00:47.123] [exthost] [info] ExtensionService#_doActivateExtension vscode.extension-editing {"startup":false,"extensionId":{"value":"vscode.extension-editing","_lower":"vscode.extension-editing"},"activationEvent":"onLanguage:markdown"}
[2020-01-31 13:00:47.124] [exthost] [info] ExtensionService#loadCommonJSModule file:///usr/share/code/resources/app/extensions/extension-editing/dist/extension
[2020-01-31 13:00:47.140] [exthost] [info] ExtensionService#_doActivateExtension vscode.markdown-language-features {"startup":false,"extensionId":{"value":"vscode.markdown-language-features","_lower":"vscode.markdown-language-features"},"activationEvent":"onLanguage:markdown"}
[2020-01-31 13:00:47.140] [exthost] [info] ExtensionService#loadCommonJSModule file:///usr/share/code/resources/app/extensions/markdown-language-features/dist/extension
[2020-01-31 13:00:47.178] [exthost] [info] ExtensionService#_doActivateExtension DavidAnson.vscode-markdownlint {"startup":false,"extensionId":{"value":"DavidAnson.vscode-markdownlint","_lower":"davidanson.vscode-markdownlint"},"activationEvent":"onLanguage:markdown"}
[2020-01-31 13:00:47.178] [exthost] [info] ExtensionService#loadCommonJSModule file:///home/m88614/.vscode/extensions/davidanson.vscode-markdownlint-0.33.0/bundle
[2020-01-31 13:00:47.209] [exthost] [info] ExtensionService#_doActivateExtension shd101wyy.markdown-preview-enhanced {"startup":false,"extensionId":{"value":"shd101wyy.markdown-preview-enhanced","_lower":"shd101wyy.markdown-preview-enhanced"},"activationEvent":"onLanguage:markdown"}
[2020-01-31 13:00:47.209] [exthost] [info] ExtensionService#loadCommonJSModule file:///home/m88614/.vscode/extensions/shd101wyy.markdown-preview-enhanced-0.5.1/out/src/extension
